      Timing level               3
      Hessian Limited Memory
      LU Complete Pivoting
      Verify Level              -1
      Iteration Limit         1000000
      Major Iterations Limit          100000
      Minor Iterations Limit          100000
1
 
 Parameters
 ==========

 Files
 -----
 Solution file..........         0       Old basis file ........         0       Standard input.........         5
 Insert file............         0       New basis file ........         0       (Printer)..............         9
 Punch file.............         0       Backup basis file......         0       (Specs file)...........         0
 Load file..............         0       Dump file..............         0       Standard output........         6

 Frequencies
 -----------
 Print frequency........       100       Check frequency........        60       Save new basis map.....       100
 Summary frequency......       100       Factorization frequency        50       Expand frequency.......     10000

 QP subproblems
 --------------
 QPsolver Cholesky......
 Scale tolerance........     0.900       Minor feasibility tol..  1.00E-06       Iteration limit........   1000000
 Scale option...........         0       Minor optimality  tol..  1.00E-06       Minor print level......         1
 Crash tolerance........     0.100       Pivot tolerance........  3.25E-11       Partial price..........         1
 Crash option...........         3       Elastic weight.........  1.00E+04       Prtl price section ( A)       208
                                         New superbasics........        99       Prtl price section (-I)       155

 The SQP Method
 --------------
 Minimize...............                 Cold start.............                 Proximal Point method..         1
 Nonlinear objectiv vars       208       Objective Row..........         1       Function precision.....  3.00E-13
 Unbounded step size....  1.00E+20       Superbasics limit......       208       Difference interval....  5.48E-07
 Unbounded objective....  1.00E+15       Reduced Hessian dim....       208       Central difference int.  6.70E-05
 Major step limit.......  2.00E+00       Derivative linesearch..                 Derivative option......         1
 Major iterations limit.    100000       Linesearch tolerance...   0.90000       Verify level...........        -1
 Minor iterations limit.    100000       Penalty parameter......  0.00E+00       Major Print Level......         1
                                         Major optimality tol...  2.00E-06

 Hessian Approximation
 ---------------------
 Limited-Memory Hessian.                 Hessian updates........        10       Hessian frequency......  99999999
                                                                                 Hessian flush..........  99999999

 Nonlinear constraints
 ---------------------
 Nonlinear constraints..       150       Major feasibility tol..  1.00E-06       Violation limit........  1.00E+06
 Nonlinear Jacobian vars       202

 Miscellaneous
 -------------
 LU factor tolerance....      3.99       LU singularity tol.....  3.25E-11       Timing level...........         3
 LU update tolerance....      3.99       LU swap tolerance......  1.22E-04       Debug level............         0
 LU complete pivoting...                 eps (machine precision)  2.22E-16       System information.....        No
                                                                                 Sticky parameters......       Yes
1
 

 

 Matrix statistics
 -----------------
               Total      Normal        Free       Fixed     Bounded
 Rows            155           1           1         153           0
 Columns         208           0           0           6         202

 No. of matrix elements                 8558     Density      26.545
 Biggest  constant element        1.6023E+00  (excluding fixed columns,
 Smallest constant element        3.5281E-01   free rows, and RHS)

 No. of objective coefficients             0

 Nonlinear constraints     150     Linear constraints       5
 Nonlinear variables       208     Linear variables         0
 Jacobian  variables       202     Objective variables    208
 Total constraints         155     Total variables        208
1
 

 
 The user has defined    1108   out of    1108   first  derivatives
1
 

    Itn       LPmult  LPstep   nInf   SumInf             LPobjective   +SBS   -SBS    -BS    Pivot     L+U ncp
    100     -4.6E+01 4.6E-02      4  2.0E+00                             92     92    299  3.4E+01    7691   3
 

   Itns Major Minors    Step   nCon Feasible  Optimal  MeritFunction     L+U BSwap     nS  condHz Penalty
    150     0    150              1  2.4E+00  3.3E-01  1.0000000E+01    7993           47 4.0E+05         _  r
    156     1      6 4.9E-01      2  1.2E+00  1.7E-01  4.6699597E+00   12751    46     48 9.6E+06         _n rl
    159     2      3 6.3E-01      3  4.8E-01  3.8E-03  1.6617747E+00   12684     3     48 6.9E+06         _s  l
    165     3      6 1.0E+00      4  1.2E-01  6.0E-03  6.9381567E-01   12692     1     48 1.4E+07         _
    167     4      2 3.9E-01      6  8.3E-02  7.7E-03  9.0185588E-01   12673           48 7.8E+06 3.1E-02 _
    169     5      2 1.0E+00      7  6.9E-02  1.2E-02  8.7151313E-01   12673           48 2.8E+06 3.1E-02 _
    170     6      1 1.0E+00      8  1.7E-02  9.6E-03  8.3253836E-01   12673           48 3.4E+06 3.1E-02 _
    171     7      1 1.0E+00      9  3.3E-03  2.2E-03  8.2615434E-01   12574     2     48 3.2E+00 3.1E-02 _
    172     8      1 1.0E+00     10  8.2E-03  3.0E-03  8.2332058E-01   12573           48 3.3E+00 3.1E-02 _
    173     9      1 1.0E+00     11  3.0E-03  1.6E-03  8.2018292E-01   12573           48 3.2E+00 3.1E-02 _
    174    10      1 1.0E+00     12  2.4E-03  2.1E-03  8.1930370E-01   12573           48 3.3E+00 3.1E-02 _
    175    11      1 1.0E+00     13  1.0E-03  1.7E-03  8.1816824E-01   12573           48 3.1E+00 3.1E-02 _
    176    12      1 1.0E+00     14  6.7E-04  1.4E-03  8.1742412E-01   12573           48 2.6E+00 3.1E-02 _  R
    177    13      1 1.0E+00     15  3.5E-03  8.2E-04  8.1691989E-01   12573           48 2.7E+00 3.1E-02 _s
    178    14      1 1.0E+00     16  4.4E-04  4.7E-05  8.1647685E-01   12573           48 2.7E+00 3.1E-02 _
    179    15      1 1.0E+00     17  4.3E-06  4.1E-05  8.1647350E-01   12573           48 3.5E+00 3.1E-02 _
    180    16      1 1.0E+00     18  7.2E-06  3.4E-05  8.1647215E-01   12573           48 6.9E+00 3.1E-02 _
    181    17      1 1.0E+00     19  4.8E-05  1.8E-05  8.1647067E-01   12573           48 9.0E+00 3.1E-02 _
    182    18      1 1.0E+00     20  5.4E-06  1.7E-05  8.1647033E-01   12573           48 1.7E+01 3.1E-02 _
    183    19      1 1.0E+00     21  1.1E-05  8.3E-06  8.1647000E-01   12573           48 2.1E+01 3.1E-02 _

   Itns Major Minors    Step   nCon Feasible  Optimal  MeritFunction     L+U BSwap     nS  condHz Penalty
    184    20      1 1.0E+00     22  1.1E-06  4.9E-06  8.1646992E-01   12573           48 2.2E+01 3.1E-02 _
    185    21      1 1.0E+00     23 (1.8E-07) 2.3E-06  8.1646990E-01   12573           48 2.1E+01 3.1E-02 _
    186    22      1 1.0E+00     24 (5.5E-08)(1.5E-06) 8.1646990E-01   12573           48 2.2E+01 3.1E-02 _
1
 
 SNOPTA EXIT   0 -- finished successfully
 SNOPTA INFO   1 -- optimality conditions satisfied

 Problem name
 No. of iterations                 186   Objective value      8.1646989614E-01
 No. of major iterations            22   Linear objective     0.0000000000E+00
 Penalty parameter           3.127E-02   Nonlinear objective  8.1646989614E-01
 No. of calls to funobj             24   No. of calls to funcon             24
 No. of superbasics                 48   No. of basic nonlinears           153
 No. of degenerate steps            49   Percentage                      26.34
 Max x                     208 6.3E+00   Max pi                    155 1.0E+00
 Max Primal infeas           0 0.0E+00   Max Dual infeas           204 3.0E-06
 Nonlinear constraint violn    1.2E-06
1
 
 Name                                    Objective Value      8.1646989614E-01

 Status         Optimal Soln             Iteration    186    Superbasics    48

 Objective               (Min)
 RHS
 Ranges
 Bounds

 Section 1 - Rows

  Number  ...Row.. State  ...Activity...  Slack Activity  ..Lower Limit.  ..Upper Limit.  .Dual Activity    ..i
 
     209  r      1    BS          .               .                None            None         -1.0          1
     210  r      2    EQ         0.00000         0.00000          .               .             -0.00043      2
     211  r      3    EQ        -0.00000        -0.00000          .               .             -0.00100      3
     212  r      4    EQ        -0.00000        -0.00000          .               .             -0.00156      4
     213  r      5    EQ         0.00000         0.00000          .               .             -0.00212      5
     214  r      6    EQ         0.00000         0.00000          .               .             -0.00268      6
     215  r      7    EQ         0.00000         0.00000          .               .             -0.00322      7
     216  r      8    EQ         0.00000         0.00000          .               .             -0.00375      8
     217  r      9    EQ         0.00000         0.00000          .               .             -0.00426      9
     218  r     10    EQ         0.00000         0.00000          .               .             -0.00476     10
     219  r     11    EQ         0.00000         0.00000          .               .             -0.00524     11
     220  r     12    EQ         0.00000         0.00000          .               .             -0.00570     12
     221  r     13    EQ         0.00000         0.00000          .               .             -0.00613     13
     222  r     14    EQ         0.00000         0.00000          .               .             -0.00655     14
     223  r     15    EQ         0.00000         0.00000          .               .             -0.00694     15
     224  r     16    EQ         0.00000         0.00000          .               .             -0.00730     16
     225  r     17    EQ         0.00000         0.00000          .               .             -0.00763     17
     226  r     18    EQ         0.00000         0.00000          .               .             -0.00793     18
     227  r     19    EQ         0.00000         0.00000          .               .             -0.00821     19
     228  r     20    EQ         0.00000         0.00000          .               .             -0.00845     20
     229  r     21    EQ         0.00000         0.00000          .               .             -0.00866     21
     230  r     22    EQ         0.00000         0.00000          .               .             -0.00883     22
     231  r     23    EQ         0.00000         0.00000          .               .             -0.00897     23
     232  r     24    EQ         0.00000         0.00000          .               .             -0.00908     24
     233  r     25    EQ         0.00000         0.00000          .               .             -0.00915     25
     234  r     26    EQ         0.00000         0.00000          .               .             -0.00918     26
     235  r     27    EQ         0.00000         0.00000          .               .             -0.00918     27
     236  r     28    EQ        -0.00000        -0.00000          .               .             -0.00915     28
     237  r     29    EQ         0.00000         0.00000          .               .             -0.00908     29
     238  r     30    EQ        -0.00000        -0.00000          .               .             -0.00897     30
     239  r     31    EQ         0.00000         0.00000          .               .             -0.00883     31
     240  r     32    EQ         0.00000         0.00000          .               .             -0.00866     32
     241  r     33    EQ         0.00000         0.00000          .               .             -0.00845     33
     242  r     34    EQ         0.00000         0.00000          .               .             -0.00821     34
     243  r     35    EQ         0.00000         0.00000          .               .             -0.00793     35
     244  r     36    EQ         0.00000         0.00000          .               .             -0.00763     36
     245  r     37    EQ         0.00000         0.00000          .               .             -0.00730     37
     246  r     38    EQ         0.00000         0.00000          .               .             -0.00694     38
     247  r     39    EQ         0.00000         0.00000          .               .             -0.00655     39
     248  r     40    EQ         0.00000         0.00000          .               .             -0.00613     40
     249  r     41    EQ         0.00000         0.00000          .               .             -0.00570     41
     250  r     42    EQ         0.00000         0.00000          .               .             -0.00524     42
     251  r     43    EQ         0.00000         0.00000          .               .             -0.00476     43
     252  r     44    EQ         0.00000         0.00000          .               .             -0.00426     44
     253  r     45    EQ         0.00000         0.00000          .               .             -0.00375     45
     254  r     46    EQ         0.00000         0.00000          .               .             -0.00322     46
     255  r     47    EQ         0.00000         0.00000          .               .             -0.00268     47
     256  r     48    EQ         0.00000         0.00000          .               .             -0.00212     48
     257  r     49    EQ         0.00000         0.00000          .               .             -0.00156     49
     258  r     50    EQ         0.00000         0.00000          .               .             -0.00100     50
     259  r     51    EQ         0.00000         0.00000          .               .             -0.00043     51
     260  r     52    EQ          .               .               .               .             -0.14771     52
     261  r     53    EQ         0.00000         0.00000          .               .              0.00016     53
     262  r     54    EQ        -0.00000        -0.00000          .               .              0.00038     54
     263  r     55    EQ        -0.00000        -0.00000          .               .              0.00060     55
     264  r     56    EQ        -0.00000        -0.00000          .               .              0.00081     56
     265  r     57    EQ        -0.00000        -0.00000          .               .              0.00102     57
     266  r     58    EQ        -0.00000        -0.00000          .               .              0.00123     58
     267  r     59    EQ        -0.00000        -0.00000          .               .              0.00143     59
     268  r     60    EQ        -0.00000        -0.00000          .               .              0.00163     60
     269  r     61    EQ        -0.00000        -0.00000          .               .              0.00182     61
     270  r     62    EQ        -0.00000        -0.00000          .               .              0.00200     62
     271  r     63    EQ        -0.00000        -0.00000          .               .              0.00218     63
     272  r     64    EQ        -0.00000        -0.00000          .               .              0.00234     64
     273  r     65    EQ        -0.00000        -0.00000          .               .              0.00250     65
     274  r     66    EQ        -0.00000        -0.00000          .               .              0.00265     66
     275  r     67    EQ        -0.00000        -0.00000          .               .              0.00279     67
     276  r     68    EQ        -0.00000        -0.00000          .               .              0.00291     68
     277  r     69    EQ        -0.00000        -0.00000          .               .              0.00303     69
     278  r     70    EQ        -0.00000        -0.00000          .               .              0.00313     70
     279  r     71    EQ        -0.00000        -0.00000          .               .              0.00323     71
     280  r     72    EQ        -0.00000        -0.00000          .               .              0.00331     72
     281  r     73    EQ        -0.00000        -0.00000          .               .              0.00337     73
     282  r     74    EQ        -0.00000        -0.00000          .               .              0.00343     74
     283  r     75    EQ        -0.00000        -0.00000          .               .              0.00347     75
     284  r     76    EQ         0.00000         0.00000          .               .              0.00349     76
     285  r     77    EQ         0.00000         0.00000          .               .              0.00351     77
     286  r     78    EQ         0.00000         0.00000          .               .              0.00351     78
     287  r     79    EQ        -0.00000        -0.00000          .               .              0.00349     79
     288  r     80    EQ         0.00000         0.00000          .               .              0.00347     80
     289  r     81    EQ        -0.00000        -0.00000          .               .              0.00343     81
     290  r     82    EQ        -0.00000        -0.00000          .               .              0.00337     82
     291  r     83    EQ        -0.00000        -0.00000          .               .              0.00331     83
     292  r     84    EQ        -0.00000        -0.00000          .               .              0.00323     84
     293  r     85    EQ        -0.00000        -0.00000          .               .              0.00313     85
     294  r     86    EQ        -0.00000        -0.00000          .               .              0.00303     86
     295  r     87    EQ        -0.00000        -0.00000          .               .              0.00291     87
     296  r     88    EQ        -0.00000        -0.00000          .               .              0.00279     88
     297  r     89    EQ        -0.00000        -0.00000          .               .              0.00265     89
     298  r     90    EQ        -0.00000        -0.00000          .               .              0.00250     90
     299  r     91    EQ        -0.00000        -0.00000          .               .              0.00234     91
     300  r     92    EQ        -0.00000        -0.00000          .               .              0.00218     92
     301  r     93    EQ        -0.00000        -0.00000          .               .              0.00200     93
     302  r     94    EQ         0.00000         0.00000          .               .              0.00182     94
     303  r     95    EQ        -0.00000        -0.00000          .               .              0.00163     95
     304  r     96    EQ        -0.00000        -0.00000          .               .              0.00143     96
     305  r     97    EQ        -0.00000        -0.00000          .               .              0.00123     97
     306  r     98    EQ        -0.00000        -0.00000          .               .              0.00102     98
     307  r     99    EQ        -0.00000        -0.00000          .               .              0.00081     99
     308  r    100    EQ        -0.00000        -0.00000          .               .              0.00060    100
     309  r    101    EQ        -0.00000        -0.00000          .               .              0.00038    101
     310  r    102    EQ        -0.00000        -0.00000          .               .              0.00016    102
     311  r    103    EQ          .               .               .               .              0.05641    103
     312  r    104    EQ        -0.00000        -0.00000          .               .             -0.00029    104
     313  r    105    EQ         0.00000         0.00000          .               .             -0.00068    105
     314  r    106    EQ         0.00000         0.00000          .               .             -0.00106    106
     315  r    107    EQ         0.00000         0.00000          .               .             -0.00143    107
     316  r    108    EQ         0.00000         0.00000          .               .             -0.00179    108
     317  r    109    EQ         0.00000         0.00000          .               .             -0.00214    109
     318  r    110    EQ         0.00000         0.00000          .               .             -0.00248    110
     319  r    111    EQ         0.00000         0.00000          .               .             -0.00280    111
     320  r    112    EQ         0.00000         0.00000          .               .             -0.00310    112
     321  r    113    EQ         0.00000         0.00000          .               .             -0.00338    113
     322  r    114    EQ         0.00000         0.00000          .               .             -0.00363    114
     323  r    115    EQ         0.00000         0.00000          .               .             -0.00386    115
     324  r    116    EQ         0.00000         0.00000          .               .             -0.00406    116
     325  r    117    EQ         0.00000         0.00000          .               .             -0.00423    117
     326  r    118    EQ         0.00000         0.00000          .               .             -0.00436    118
     327  r    119    EQ         0.00000         0.00000          .               .             -0.00446    119
     328  r    120    EQ         0.00000         0.00000          .               .             -0.00453    120
     329  r    121    EQ         0.00000         0.00000          .               .             -0.00456    121
     330  r    122    EQ         0.00000         0.00000          .               .             -0.00456    122
     331  r    123    EQ         0.00000         0.00000          .               .             -0.00452    123
     332  r    124    EQ         0.00000         0.00000          .               .             -0.00445    124
     333  r    125    EQ         0.00000         0.00000          .               .             -0.00435    125
     334  r    126    EQ         0.00000         0.00000          .               .             -0.00422    126
     335  r    127    EQ         0.00000         0.00000          .               .             -0.00406    127
     336  r    128    EQ         0.00000         0.00000          .               .             -0.00388    128
     337  r    129    EQ         0.00000         0.00000          .               .             -0.00367    129
     338  r    130    EQ         0.00000         0.00000          .               .             -0.00345    130
     339  r    131    EQ         0.00000         0.00000          .               .             -0.00321    131
     340  r    132    EQ         0.00000         0.00000          .               .             -0.00296    132
     341  r    133    EQ         0.00000         0.00000          .               .             -0.00270    133
     342  r    134    EQ         0.00000         0.00000          .               .             -0.00245    134
     343  r    135    EQ         0.00000         0.00000          .               .             -0.00219    135
     344  r    136    EQ         0.00000         0.00000          .               .             -0.00194    136
     345  r    137    EQ         0.00000         0.00000          .               .             -0.00169    137
     346  r    138    EQ         0.00000         0.00000          .               .             -0.00146    138
     347  r    139    EQ         0.00000         0.00000          .               .             -0.00124    139
     348  r    140    EQ         0.00000         0.00000          .               .             -0.00104    140
     349  r    141    EQ         0.00000         0.00000          .               .             -0.00085    141
     350  r    142    EQ         0.00000         0.00000          .               .             -0.00068    142
     351  r    143    EQ         0.00000         0.00000          .               .             -0.00053    143
     352  r    144    EQ         0.00000         0.00000          .               .             -0.00041    144
     353  r    145    EQ         0.00000         0.00000          .               .             -0.00030    145
     354  r    146    EQ         0.00000         0.00000          .               .             -0.00021    146
     355  r    147    EQ         0.00000         0.00000          .               .             -0.00014    147
     356  r    148    EQ         0.00000         0.00000          .               .             -0.00009    148
     357  r    149    EQ         0.00000         0.00000          .               .             -0.00005    149
     358  r    150    EQ         0.00000         0.00000          .               .             -0.00003    150
     359  r    151    EQ         0.00000         0.00000          .               .             -0.00001    151
     360  r    152    EQ         0.00000         0.00000          .               .             -0.00000    152
     361  r    153 A  EQ         0.00000         0.00000          .               .             -0.00000    153
     362  r    154 A  EQ          .               .               .               .              0.00000    154
     363  r    155    BS         0.81647         0.81647          .                None           .         155
1
 
 Section 2 - Columns

  Number  .Column. State  ...Activity...  .Obj Gradient.  ..Lower Limit.  ..Upper Limit.  Reduced Gradnt    m+j
 
       1  x      1    EQ          .               .               .               .             -0.14771    156
       2  x      2    BS        -0.00000          .            -50.00000        50.00000        -0.00000    157
       3  x      3    BS         0.00000          .            -50.00000        50.00000         0.00000    158
       4  x      4    BS         0.00000          .            -50.00000        50.00000        -0.00000    159
       5  x      5    BS         0.00001          .            -50.00000        50.00000         0.00000    160
       6  x      6    BS         0.00003          .            -50.00000        50.00000        -0.00000    161
       7  x      7    BS         0.00009          .            -50.00000        50.00000         0.00000    162
       8  x      8    BS         0.00022          .            -50.00000        50.00000        -0.00000    163
       9  x      9    BS         0.00050          .            -50.00000        50.00000         0.00000    164
      10  x     10    BS         0.00101          .            -50.00000        50.00000         0.00000    165
      11  x     11    BS         0.00190          .            -50.00000        50.00000         0.00000    166
      12  x     12    BS         0.00334          .            -50.00000        50.00000         0.00000    167
      13  x     13    BS         0.00556          .            -50.00000        50.00000         0.00000    168
      14  x     14    BS         0.00885          .            -50.00000        50.00000         0.00000    169
      15  x     15    BS         0.01353          .            -50.00000        50.00000         0.00000    170
      16  x     16    BS         0.02000          .            -50.00000        50.00000         0.00000    171
      17  x     17    BS         0.02868          .            -50.00000        50.00000        -0.00000    172
      18  x     18    BS         0.04004          .            -50.00000        50.00000        -0.00000    173
      19  x     19    BS         0.05458          .            -50.00000        50.00000         0.00000    174
      20  x     20    BS         0.07279          .            -50.00000        50.00000         0.00000    175
      21  x     21    BS         0.09519          .            -50.00000        50.00000         0.00000    176
      22  x     22    BS         0.12223          .            -50.00000        50.00000         0.00000    177
      23  x     23    BS         0.15437          .            -50.00000        50.00000         0.00000    178
      24  x     24    BS         0.19196          .            -50.00000        50.00000         0.00000    179
      25  x     25    BS         0.23529          .            -50.00000        50.00000         0.00000    180
      26  x     26    BS         0.28457          .            -50.00000        50.00000         0.00000    181
      27  x     27    BS         0.33986          .            -50.00000        50.00000         0.00000    182
      28  x     28    BS         0.40113          .            -50.00000        50.00000         0.00000    183
      29  x     29    BS         0.46821          .            -50.00000        50.00000         0.00000    184
      30  x     30    BS         0.54079          .            -50.00000        50.00000         0.00000    185
      31  x     31    BS         0.61844          .            -50.00000        50.00000         0.00000    186
      32  x     32    BS         0.70060          .            -50.00000        50.00000         0.00000    187
      33  x     33    BS         0.78660          .            -50.00000        50.00000         0.00000    188
      34  x     34    BS         0.87568          .            -50.00000        50.00000         0.00000    189
      35  x     35    BS         0.96699          .            -50.00000        50.00000         0.00000    190
      36  x     36    BS         1.05962          .            -50.00000        50.00000         0.00000    191
      37  x     37    BS         1.15259          .            -50.00000        50.00000         0.00000    192
      38  x     38    BS         1.24495          .            -50.00000        50.00000         0.00000    193
      39  x     39    BS         1.33569          .            -50.00000        50.00000         0.00000    194
      40  x     40    BS         1.42385          .            -50.00000        50.00000         0.00000    195
      41  x     41    BS         1.50848          .            -50.00000        50.00000         0.00000    196
      42  x     42    BS         1.58869          .            -50.00000        50.00000         0.00000    197
      43  x     43    BS         1.66364          .            -50.00000        50.00000         0.00000    198
      44  x     44    BS         1.73255          .            -50.00000        50.00000         0.00000    199
      45  x     45    BS         1.79471          .            -50.00000        50.00000         0.00000    200
      46  x     46    BS         1.84952          .            -50.00000        50.00000         0.00000    201
      47  x     47    BS         1.89642          .            -50.00000        50.00000         0.00000    202
      48  x     48    BS         1.93497          .            -50.00000        50.00000         0.00000    203
      49  x     49    BS         1.96480          .            -50.00000        50.00000         0.00000    204
      50  x     50    BS         1.98563          .            -50.00000        50.00000         0.00000    205
      51  x     51    BS         1.99727          .            -50.00000        50.00000        -0.00000    206
      52  x     52    EQ         2.00000          .              2.00000         2.00000         0.14771    207
      53  x     53    EQ          .               .               .               .              0.05641    208
      54  x     54    BS        -0.00000          .            -50.00000          .             -0.00000    209
      55  x     55    BS        -0.00003          .            -50.00000          .              0.00000    210
      56  x     56    BS        -0.00018          .            -50.00000          .             -0.00000    211
      57  x     57    BS        -0.00061          .            -50.00000          .              0.00000    212
      58  x     58    BS        -0.00157          .            -50.00000          .             -0.00000    213
      59  x     59    BS        -0.00334          .            -50.00000          .              0.00000    214
      60  x     60    BS        -0.00629          .            -50.00000          .             -0.00000    215
      61  x     61    BS        -0.01082          .            -50.00000          .              0.00000    216
      62  x     62    BS        -0.01737          .            -50.00000          .             -0.00000    217
      63  x     63    BS        -0.02642          .            -50.00000          .              0.00000    218
      64  x     64    BS        -0.03846          .            -50.00000          .              0.00000    219
      65  x     65    BS        -0.05397          .            -50.00000          .              0.00000    220
      66  x     66    BS        -0.07342          .            -50.00000          .              0.00000    221
      67  x     67    BS        -0.09726          .            -50.00000          .              0.00000    222
      68  x     68    BS        -0.12586          .            -50.00000          .              0.00000    223
      69  x     69    BS        -0.15957          .            -50.00000          .             -0.00000    224
      70  x     70    BS        -0.19860          .            -50.00000          .              0.00000    225
      71  x     71    BS        -0.24312          .            -50.00000          .              0.00000    226
      72  x     72    BS        -0.29317          .            -50.00000          .              0.00000    227
      73  x     73    BS        -0.34866          .            -50.00000          .              0.00000    228
      74  x     74    BS        -0.40942          .            -50.00000          .              0.00000    229
      75  x     75    BS        -0.47513          .            -50.00000          .              0.00000    230
      76  x     76    BS        -0.54536          .            -50.00000          .              0.00000    231
      77  x     77    BS        -0.61959          .            -50.00000          .              0.00000    232
      78  x     78    BS        -0.69719          .            -50.00000          .              0.00000    233
      79  x     79    BS        -0.77747          .            -50.00000          .              0.00000    234
      80  x     80    BS        -0.85965          .            -50.00000          .              0.00000    235
      81  x     81    BS        -0.94295          .            -50.00000          .              0.00000    236
      82  x     82    BS        -1.02654          .            -50.00000          .              0.00000    237
      83  x     83    BS        -1.10963          .            -50.00000          .              0.00000    238
      84  x     84    BS        -1.19143          .            -50.00000          .              0.00000    239
      85  x     85    BS        -1.27122          .            -50.00000          .              0.00000    240
      86  x     86    BS        -1.34833          .            -50.00000          .              0.00000    241
      87  x     87    BS        -1.42217          .            -50.00000          .              0.00000    242
      88  x     88    BS        -1.49224          .            -50.00000          .              0.00000    243
      89  x     89    BS        -1.55814          .            -50.00000          .              0.00000    244
      90  x     90    BS        -1.61954          .            -50.00000          .              0.00000    245
      91  x     91    BS        -1.67624          .            -50.00000          .              0.00000    246
      92  x     92    BS        -1.72810          .            -50.00000          .              0.00000    247
      93  x     93    BS        -1.77509          .            -50.00000          .              0.00000    248
      94  x     94    BS        -1.81720          .            -50.00000          .              0.00000    249
      95  x     95    BS        -1.85454          .            -50.00000          .              0.00000    250
      96  x     96    BS        -1.88721          .            -50.00000          .              0.00000    251
      97  x     97    BS        -1.91537          .            -50.00000          .              0.00000    252
      98  x     98    BS        -1.93919          .            -50.00000          .              0.00000    253
      99  x     99    BS        -1.95885          .            -50.00000          .              0.00000    254
     100  x    100    BS        -1.97452          .            -50.00000          .              0.00000    255
     101  x    101    BS        -1.98636          .            -50.00000          .              0.00000    256
     102  x    102    BS        -1.99448          .            -50.00000          .              0.00000    257
     103  x    103    BS        -1.99896          .            -50.00000          .             -0.00000    258
     104  x    104    EQ        -2.00000          .             -2.00000        -2.00000        -0.05641    259
     105  x    105    EQ          .               .               .               .             -0.10000    260
     106  x    106    BS         0.00463          .            -50.00000        50.00000         0.00000    261
     107  x    107    BS         0.02436          .            -50.00000        50.00000        -0.00000    262
     108  x    108    BS         0.05979          .            -50.00000        50.00000         0.00000    263
     109  x    109    BS         0.11077          .            -50.00000        50.00000         0.00000    264
     110  x    110    BS         0.17711          .            -50.00000        50.00000         0.00000    265
     111  x    111    BS         0.25853          .            -50.00000        50.00000         0.00000    266
     112  x    112    BS         0.35468          .            -50.00000        50.00000         0.00000    267
     113  x    113    BS         0.46515          .            -50.00000        50.00000         0.00000    268
     114  x    114    BS         0.58944          .            -50.00000        50.00000         0.00000    269
     115  x    115    BS         0.72696          .            -50.00000        50.00000         0.00000    270
     116  x    116    BS         0.87705          .            -50.00000        50.00000         0.00000    271
     117  x    117    BS         1.03894          .            -50.00000        50.00000        -0.00000    272
     118  x    118    BS         1.21180          .            -50.00000        50.00000        -0.00000    273
     119  x    119    BS         1.39469          .            -50.00000        50.00000        -0.00000    274
     120  x    120    BS         1.58660          .            -50.00000        50.00000        -0.00000    275
     121  x    121    BS         1.78642          .            -50.00000        50.00000         0.00000    276
     122  x    122    BS         1.99300          .            -50.00000        50.00000        -0.00000    277
     123  x    123    BS         2.20510          .            -50.00000        50.00000        -0.00000    278
     124  x    124    BS         2.42144          .            -50.00000        50.00000        -0.00000    279
     125  x    125    BS         2.64070          .            -50.00000        50.00000        -0.00000    280
     126  x    126    BS         2.86154          .            -50.00000        50.00000        -0.00000    281
     127  x    127    BS         3.08262          .            -50.00000        50.00000        -0.00000    282
     128  x    128    BS         3.30261          .            -50.00000        50.00000        -0.00000    283
     129  x    129    BS         3.52020          .            -50.00000        50.00000        -0.00000    284
     130  x    130    BS         3.73415          .            -50.00000        50.00000        -0.00000    285
     131  x    131    BS         3.94327          .            -50.00000        50.00000        -0.00000    286
     132  x    132    BS         4.14644          .            -50.00000        50.00000        -0.00000    287
     133  x    133    BS         4.34269          .            -50.00000        50.00000        -0.00000    288
     134  x    134    BS         4.53109          .            -50.00000        50.00000        -0.00000    289
     135  x    135    BS         4.71090          .            -50.00000        50.00000        -0.00000    290
     136  x    136    BS         4.88146          .            -50.00000        50.00000        -0.00000    291
     137  x    137    BS         5.04227          .            -50.00000        50.00000        -0.00000    292
     138  x    138    BS         5.19294          .            -50.00000        50.00000        -0.00000    293
     139  x    139    BS         5.33324          .            -50.00000        50.00000        -0.00000    294
     140  x    140    BS         5.46304          .            -50.00000        50.00000        -0.00000    295
     141  x    141    BS         5.58236          .            -50.00000        50.00000        -0.00000    296
     142  x    142    BS         5.69129          .            -50.00000        50.00000        -0.00000    297
     143  x    143    BS         5.79006          .            -50.00000        50.00000        -0.00000    298
     144  x    144    BS         5.87895          .            -50.00000        50.00000        -0.00000    299
     145  x    145    BS         5.95833          .            -50.00000        50.00000        -0.00000    300
     146  x    146    BS         6.02860          .            -50.00000        50.00000        -0.00000    301
     147  x    147    BS         6.09022          .            -50.00000        50.00000        -0.00000    302
     148  x    148    BS         6.14363          .            -50.00000        50.00000        -0.00000    303
     149  x    149    BS         6.18930          .            -50.00000        50.00000        -0.00000    304
     150  x    150    BS         6.22767          .            -50.00000        50.00000        -0.00000    305
     151  x    151    BS         6.25916          .            -50.00000        50.00000        -0.00000    306
     152  x    152    BS         6.28414          .            -50.00000        50.00000        -0.00000    307
     153  x    153    BS         6.30295          .            -50.00000        50.00000        -0.00000    308
     154  x    154    BS         6.31582          .            -50.00000        50.00000        -0.00000    309
     155  x    155    BS         6.32290          .            -50.00000        50.00000         0.00000    310
     156  x    156    BS         6.32456          .            -50.00000        50.00000        -0.00000    311
     157  x    157 A  FR          .               .            -12.56637        12.56637        -0.00000    312
     158  x    158   SBS         0.00360          .            -12.56637        12.56637         0.00000    313
     159  x    159   SBS         0.00880          .            -12.56637        12.56637        -0.00000    314
     160  x    160   SBS         0.01632          .            -12.56637        12.56637        -0.00000    315
     161  x    161   SBS         0.02616          .            -12.56637        12.56637        -0.00000    316
     162  x    162   SBS         0.03818          .            -12.56637        12.56637        -0.00000    317
     163  x    163   SBS         0.05242          .            -12.56637        12.56637         0.00000    318
     164  x    164   SBS         0.06877          .            -12.56637        12.56637         0.00000    319
     165  x    165   SBS         0.08719          .            -12.56637        12.56637         0.00000    320
     166  x    166   SBS         0.10760          .            -12.56637        12.56637         0.00000    321
     167  x    167   SBS         0.12992          .            -12.56637        12.56637         0.00000    322
     168  x    168   SBS         0.15408          .            -12.56637        12.56637         0.00000    323
     169  x    169   SBS         0.17997          .            -12.56637        12.56637        -0.00000    324
     170  x    170   SBS         0.20751          .            -12.56637        12.56637         0.00000    325
     171  x    171   SBS         0.23655          .            -12.56637        12.56637        -0.00000    326
     172  x    172   SBS         0.26705          .            -12.56637        12.56637         0.00000    327
     173  x    173   SBS         0.29885          .            -12.56637        12.56637         0.00000    328
     174  x    174   SBS         0.33180          .            -12.56637        12.56637         0.00000    329
     175  x    175   SBS         0.36584          .            -12.56637        12.56637         0.00000    330
     176  x    176   SBS         0.40072          .            -12.56637        12.56637         0.00000    331
     177  x    177   SBS         0.43643          .            -12.56637        12.56637         0.00000    332
     178  x    178   SBS         0.47278          .            -12.56637        12.56637         0.00000    333
     179  x    179   SBS         0.50963          .            -12.56637        12.56637         0.00000    334
     180  x    180   SBS         0.54684          .            -12.56637        12.56637         0.00000    335
     181  x    181   SBS         0.58423          .            -12.56637        12.56637        -0.00000    336
     182  x    182   SBS         0.62178          .            -12.56637        12.56637         0.00000    337
     183  x    183   SBS         0.65921          .            -12.56637        12.56637         0.00000    338
     184  x    184   SBS         0.69643          .            -12.56637        12.56637         0.00000    339
     185  x    185   SBS         0.73327          .            -12.56637        12.56637         0.00000    340
     186  x    186   SBS         0.76961          .            -12.56637        12.56637         0.00000    341
     187  x    187   SBS         0.80532          .            -12.56637        12.56637         0.00000    342
     188  x    188   SBS         0.84023          .            -12.56637        12.56637        -0.00000    343
     189  x    189    BS         0.87423          .            -12.56637        12.56637        -0.00000    344
     190  x    190   SBS         0.90722          .            -12.56637        12.56637         0.00000    345
     191  x    191   SBS         0.93895          .            -12.56637        12.56637        -0.00000    346
     192  x    192   SBS         0.96943          .            -12.56637        12.56637        -0.00000    347
     193  x    193   SBS         0.99851          .            -12.56637        12.56637         0.00000    348
     194  x    194   SBS         1.02603          .            -12.56637        12.56637        -0.00000    349
     195  x    195   SBS         1.05193          .            -12.56637        12.56637         0.00000    350
     196  x    196   SBS         1.07608          .            -12.56637        12.56637        -0.00000    351
     197  x    197   SBS         1.09842          .            -12.56637        12.56637         0.00000    352
     198  x    198   SBS         1.11884          .            -12.56637        12.56637         0.00000    353
     199  x    199   SBS         1.13726          .            -12.56637        12.56637         0.00000    354
     200  x    200   SBS         1.15363          .            -12.56637        12.56637         0.00000    355
     201  x    201   SBS         1.16785          .            -12.56637        12.56637         0.00000    356
     202  x    202   SBS         1.17982          .            -12.56637        12.56637        -0.00000    357
     203  x    203   SBS         1.18962          .            -12.56637        12.56637        -0.00000    358
     204  x    204 N SBS         1.19648          .            -12.56637        12.56637        -0.00000    359
     205  x    205   SBS         1.20168          .            -12.56637        12.56637        -0.00000    360
     206  x    206   SBS         1.20555          .            -12.56637        12.56637         0.00000    361
     207  x    207    EQ          .               .               .               .              1.00000    362
     208  x    208    BS         0.81647         1.0              .            100.00000         0.00000    363
 
 Time for MPS input                             0.00 seconds
 Time for solving problem                       0.68 seconds
 Time for solution output                       0.01 seconds
 Time for constraint functions                  0.41 seconds
 Time for objective function                    0.00 seconds
