      Timing level               3
1
 
 Parameters
 ==========

 Files
 -----
 Solution file..........         0       Old basis file ........         0       Standard input.........         5
 Insert file............         0       New basis file ........         0       (Printer)..............         9
 Punch file.............         0       Backup basis file......         0       (Specs file)...........         0
 Load file..............         0       Dump file..............         0       Standard output........         6

 Frequencies
 -----------
 Print frequency........       100       Check frequency........        60       Save new basis map.....       100
 Summary frequency......       100       Factorization frequency        50       Expand frequency.......     10000

 QP subproblems
 --------------
 QPsolver Cholesky......
 Scale tolerance........     0.900       Minor feasibility tol..  1.00E-06       Iteration limit........     10000
 Scale option...........         0       Minor optimality  tol..  1.00E-06       Minor print level......         1
 Crash tolerance........     0.100       Pivot tolerance........  3.25E-11       Partial price..........         1
 Crash option...........         3       Elastic weight.........  1.00E+00       Prtl price section ( A)         2
                                         New superbasics........        99       Prtl price section (-I)         1

 The SQP Method
 --------------
 Minimize...............                 Cold start.............                 Proximal Point method..         1
 Nonlinear objectiv vars         2       Objective Row..........         1       Function precision.....  3.00E-13
 Unbounded step size....  1.00E+20       Superbasics limit......         2       Difference interval....  5.48E-07
 Unbounded objective....  1.00E+15       Reduced Hessian dim....         2       Central difference int.  6.70E-05
 Major step limit.......  2.00E+00       Nonderiv.  linesearch..                 Derivative option......         0
 Major iterations limit.      1000       Linesearch tolerance...   0.90000       Verify level...........         0
 Minor iterations limit.       500       Penalty parameter......  0.00E+00       Major Print Level......         1
                                         Major optimality tol...  2.00E-06

 Hessian Approximation
 ---------------------
 Full-Memory Hessian....                 Hessian updates........  99999999       Hessian frequency......  99999999
                                                                                 Hessian flush..........  99999999

 Miscellaneous
 -------------
 LU factor tolerance....      3.99       LU singularity tol.....  3.25E-11       Timing level...........         3
 LU update tolerance....      3.99       LU swap tolerance......  1.22E-04       Debug level............         0
 LU partial  pivoting...                 eps (machine precision)  2.22E-16       System information.....        No
                                                                                 Sticky parameters......       Yes
1
 

 

 Matrix statistics
 -----------------
               Total      Normal        Free       Fixed     Bounded
 Rows              1           0           1           0           0
 Columns           2           0           0           0           2

 No. of matrix elements                    1     Density      50.000
 Biggest                          0.0000E+00  (excluding fixed columns,
 Smallest                         0.0000E+00   free rows, and RHS)

 No. of objective coefficients             0

 Nonlinear constraints       0     Linear constraints       1
 Nonlinear variables         2     Linear variables         0
 Jacobian  variables         0     Objective variables      2
 Total constraints           1     Total variables          2
1
 

 
 The user has defined       0   out of       2   first  derivatives
1
 
 

   Itns Major Minors    Step   nObj Feasible  Optimal      Objective     L+U BSwap     nS  condHz
      2     0      2              1           1.1E+01 -9.0382179E+02       1            1 1.5E+01 _  r
      3     1      1 1.0E+00      2           1.6E-04 -1.0112862E+03       1            1 1.0E+02 _n r   c
      4     1      2 1.0E+00      2           1.6E-04 -1.0112862E+03       1            1 1.0E+02 _n r   c
      5     2      1 4.2E+05      3           4.0E-05 -1.0112880E+03       1                      _n r   c
      5     3      0 1.0E+00      4          (0.0E+00)-1.0112881E+03       1                      _n r   c
1
 
 SNOPTA EXIT   0 -- finished successfully
 SNOPTA INFO   1 -- optimality conditions satisfied

 Problem name
 No. of iterations                   5   Objective value     -1.0112880757E+03
 No. of major iterations             3   Linear objective     0.0000000000E+00
 Penalty parameter           0.000E+00   Nonlinear objective -1.0112880757E+03
 No. of calls to funobj             31   No. of calls to funcon             31
 Calls with modes 1,2 (known g)      4   Calls with modes 1,2 (known g)      4
 Calls for forward differencing      4   Calls for forward differencing      4
 Calls for central differencing     12   Calls for central differencing     12
 No. of degenerate steps             0   Percentage                       0.00
 Max x                       1 1.6E+00   Max pi                      1 1.0E+00
 Max Primal infeas           0 0.0E+00   Max Dual infeas             0 0.0E+00
1
 
 Name                                    Objective Value     -1.0112880757E+03

 Status         Optimal Soln             Iteration      5    Superbasics     0

 Objective               (Min)
 RHS
 Ranges
 Bounds

 Section 1 - Rows

  Number  ...Row.. State  ...Activity...  Slack Activity  ..Lower Limit.  ..Upper Limit.  .Dual Activity    ..i
 
       3  r      1    BS          .               .                None            None         -1.0          1
1
 
 Section 2 - Columns

  Number  .Column. State  ...Activity...  .Obj Gradient.  ..Lower Limit.  ..Upper Limit.  Reduced Gradnt    m+j
 
       1  x      1    UL         1.57080      -147.96703        -1.57080         1.57080      -147.96703      2
       2  x      2    UL         0.01745        -0.00211        -1.57080         0.01745        -0.00211      3
 
 Time for MPS input                             0.00 seconds
 Time for solving problem                       0.03 seconds
 Time for solution output                       0.00 seconds
 Time for constraint functions                  0.04 seconds
 Time for objective function                    0.00 seconds
