      Timing level               3
1
 
 Parameters
 ==========

 Files
 -----
 Solution file..........         0       Old basis file ........         0       Standard input.........         5
 Insert file............         0       New basis file ........         0       (Printer)..............         9
 Punch file.............         0       Backup basis file......         0       (Specs file)...........         0
 Load file..............         0       Dump file..............         0       Standard output........         6

 Frequencies
 -----------
 Print frequency........       100       Check frequency........        60       Save new basis map.....       100
 Summary frequency......       100       Factorization frequency        50       Expand frequency.......     10000

 QP subproblems
 --------------
 QPsolver Cholesky......
 Scale tolerance........      .900       Minor feasibility tol..  1.00E-06       Iteration limit........     10000
 Scale option...........         0       Minor optimality  tol..  1.00E-06       Minor print level......         1
 Crash tolerance........      .100       Pivot tolerance........  3.25E-11       Partial price..........         1
 Crash option...........         3       Elastic weight.........  1.00E+04       Prtl price section ( A)         2
                                         New superbasics........        99       Prtl price section (-I)         2

 The SQP Method
 --------------
 Minimize...............                 Cold start.............                 Proximal Point method..         1
 Nonlinear objectiv vars         2       Objective Row..........         1       Function precision.....  3.00E-13
 Unbounded step size....  1.00E+20       Superbasics limit......         2       Difference interval....  5.48E-07
 Unbounded objective....  1.00E+15       Reduced Hessian dim....         2       Central difference int.  6.70E-05
 Major step limit.......  2.00E+00       Nonderiv.  linesearch..                 Derivative option......         0
 Major iterations limit.      1000       Linesearch tolerance...    .90000       Verify level...........         0
 Minor iterations limit.       500       Penalty parameter......  0.00E+00       Major Print Level......         1
                                         Major optimality tol...  2.00E-06

 Hessian Approximation
 ---------------------
 Full-Memory Hessian....                 Hessian updates........  99999999       Hessian frequency......  99999999
                                                                                 Hessian flush..........  99999999

 Nonlinear constraints
 ---------------------
 Nonlinear constraints..         1       Major feasibility tol..  1.00E-06       Violation limit........  1.00E+06
 Nonlinear Jacobian vars         2

 Miscellaneous
 -------------
 LU factor tolerance....      3.99       LU singularity tol.....  3.25E-11       Timing level...........         3
 LU update tolerance....      3.99       LU swap tolerance......  1.22E-04       Debug level............         0
 LU partial  pivoting...                 eps (machine precision)  2.22E-16       System information.....        No
                                                                                 Sticky parameters......       Yes
1
 

 

 Matrix statistics
 -----------------
               Total      Normal        Free       Fixed     Bounded
 Rows              2           0           1           1           0
 Columns           2           0           0           0           2

 No. of matrix elements                    2     Density      50.000
 Biggest  constant element        0.0000E+00  (excluding fixed columns,
 Smallest constant element        0.0000E+00   free rows, and RHS)

 No. of objective coefficients             0

 Nonlinear constraints       1     Linear constraints       1
 Nonlinear variables         2     Linear variables         0
 Jacobian  variables         2     Objective variables      2
 Total constraints           2     Total variables          2
1
 

 
 The user has defined       0   out of       4   first  derivatives
1
 
 

   Itns Major Minors    Step   nCon Feasible  Optimal  MeritFunction     L+U BSwap     nS  condHz Penalty
      1     0      1              1  1.7E-03  4.3E-01  1.7145239E+01       2            1 1.3E+01         _  r
      2     1      1 1.0E+00      2  5.6E-02  9.8E-01  1.4749808E+01       2            1 9.9E+00         _n r
      3     2      1 7.6E-01      4  4.8E-01  8.7E+00 -2.1653068E+00       2                              _sm l
      3     3      0 8.6E-01      6  3.9E+00  3.0E+00 -1.0095332E+02       2                              _ m
      4     4      1 3.7E-02      7  3.9E+00  2.5E+00 -6.2644286E+01       2                      1.7E-01 _ m
      4     5      0 2.9E-03      8  3.9E+00  2.5E+00 -5.7959802E+01       2                      1.9E-01 _ m
      4     6      0 2.1E-03      9  3.9E+00  2.4E+00 -5.7961713E+01       2                      1.9E-01 _ m
      4     7      0 1.5E-03     10  3.9E+00  2.4E+00 -5.7962791E+01       2                      1.9E-01 _ m
      4     8      0 1.2E-03     11  3.9E+00  2.4E+00 -5.7963405E+01       2                      1.9E-01 _ m
      4     9      0 8.9E-04     12  3.9E+00  2.4E+00 -5.7963755E+01       2                      1.9E-01 _ m
      4    10      0 6.7E-04     13  3.9E+00  2.4E+00 -5.7963954E+01       2                      1.9E-01 _ m
      4    11      0 5.1E-04     14  3.9E+00  2.4E+00 -5.7964067E+01       2                      1.9E-01 _ m
      4    12      0 3.8E-04     15  3.9E+00  2.4E+00 -5.7964131E+01       2                      1.9E-01 _n
      4    13      0 2.9E-04     16  3.9E+00  2.4E+00 -5.7964167E+01       2                      1.9E-01 _n R
      4    14      0 2.7E-04     17  3.9E+00  2.4E+00 -5.7964200E+01       2                      1.9E-01 _n R
      5    15      1 2.0E-04     18  3.9E+00  2.5E+00 -7.5251169E+01       2            1 2.6E+00 1.9E-01 _n r
      6    16      1 1.8E-01     19  3.7E+00  1.5E+00 -3.7882205E+01       2            1 1.1E+00 1.9E-01 _s
      7    17      1 6.2E-02     20  3.7E+00  1.0E+00 -3.8829847E+01       2            1 1.1E+00 1.9E-01 _
      8    18      1 7.9E-02     21  3.6E+00  7.0E-01 -3.7983036E+01       2            1 1.2E+00 1.9E-01 _
      9    19      1 1.1E-01     22  3.5E+00  7.0E-01 -3.5127706E+01       2            1 1.3E+00 2.2E-01 _

   Itns Major Minors    Step   nCon Feasible  Optimal  MeritFunction     L+U BSwap     nS  condHz Penalty
     10    20      1 1.5E-01     23  3.2E+00  8.9E-01 -3.2406844E+01       2            1 1.1E+00 2.5E-01 _
     11    21      1 2.0E-01     24  2.8E+00  9.5E-01 -2.9421464E+01       2            1 1.1E+00 3.0E-01 _
     12    22      1 2.3E-01     25  2.3E+00  9.8E-01 -2.6705478E+01       2            1 1.0E+00 3.7E-01 _
     13    23      1 2.0E-01     26  2.0E+00  5.3E-01 -2.4203738E+01       2            1 2.6E+00 4.8E-01 _
     14    24      1 1.3E-01     27  1.9E+00  8.5E-01 -2.4309723E+01       2            1 4.4E+00 4.8E-01 _
     15    25      1 2.9E-01     28  1.5E+00  8.4E-01 -2.2109667E+01       2            1 4.6E+00 6.6E-01 _
     16    26      1 3.7E-01     29  1.1E+00  7.2E-01 -2.0248650E+01       2            1 4.7E+00 9.7E-01 _
     17    27      1 4.1E-01     30  7.2E-01  5.6E-01 -1.8945943E+01       2            1 5.0E+00 1.5E+00 _
     18    28      1 4.3E-01     31  4.6E-01  3.8E-01 -1.8173821E+01       2            1 5.8E+00 2.3E+00 _
     19    29      1 3.6E-01     32  3.1E-01  2.7E-01 -1.7855742E+01       2            1 8.7E+00 3.3E+00 _
     20    30      1 3.8E-01     33  2.1E-01  2.2E-01 -1.7747314E+01       2            1 1.1E+01 4.2E+00 _
     21    31      1 1.0E+00     34  1.6E-02  5.0E-02 -1.7624437E+01       2            1 1.2E+01 6.2E+00 _
     22    32      1 1.0E+00     35  1.1E-03  2.5E-02 -1.7621577E+01       2            1 1.7E+01 1.4E+01 _
     23    33      1 1.0E+00     36  1.1E-04  2.2E-04 -1.7623221E+01       2            1 1.8E+01 1.4E+01 _
     24    34      1 1.0E+00     37 (1.4E-08)(5.2E-07)-1.7623221E+01       2            1 1.7E+01 2.2E+01 _      c
     25    34      2 1.0E+00     37 (1.4E-08)(3.4E-08)-1.7623221E+01       2            1 1.7E+01 2.2E+01 _      c
1
 
 SNOPTA EXIT   0 -- finished successfully
 SNOPTA INFO   1 -- optimality conditions satisfied

 Problem name
 No. of iterations                  25   Objective value     -1.7623221217E+01
 No. of major iterations            34   Linear objective     0.0000000000E+00
 Penalty parameter           2.179E+01   Nonlinear objective -1.7623221217E+01
 No. of calls to funobj            182   No. of calls to funcon            182
 Calls with modes 1,2 (known g)     37   Calls with modes 1,2 (known g)     37
 Calls for forward differencing     74   Calls for forward differencing     74
 Calls for central differencing      4   Calls for central differencing      4
 No. of superbasics                  1   No. of basic nonlinears             1
 No. of degenerate steps             0   Percentage                        .00
 Max x                       1 1.0E+00   Max pi                      1 8.8E+00
 Max Primal infeas           0 0.0E+00   Max Dual infeas             2 3.3E-07
 Nonlinear constraint violn    2.5E-08
1
 
 Name                                    Objective Value     -1.7623221217E+01

 Status         Optimal Soln             Iteration     25    Superbasics     1

 Objective               (Min)
 RHS
 Ranges
 Bounds

 Section 1 - Rows

  Number  ...Row.. State  ...Activity...  Slack Activity  ..Lower Limit.  ..Upper Limit.  .Dual Activity    ..i
 
       3  r      1    BS          .               .                None            None         -1.0          1
       4  r      2    EQ          .00000          .00000          .               .             -8.81161      2
1
 
 Section 2 - Columns

  Number  .Column. State  ...Activity...  .Obj Gradient.  ..Lower Limit.  ..Upper Limit.  Reduced Gradnt    m+j
 
       1  x      1    BS         -.99998        17.62293        -5.00000         5.00000          .00000      3
       2  x      2   SBS         -.00571          .10067        -5.00000         5.00000          .00000      4
 
 Time for MPS input                              .00 seconds
 Time for solving problem                        .08 seconds
 Time for solution output                        .00 seconds
 Time for constraint functions                   .07 seconds
 Time for objective function                     .00 seconds
