This is pdfTeX, Version 3.14159265-2.6-1.40.16 (TeX Live 2015) (preloaded format=pdflatex 2015.9.22)  2 APR 2019 14:49
entering extended mode
 restricted \write18 enabled.
 file:line:error style messages enabled.
 %&-line parsing enabled.
**gpopsManual.tex
(./gpopsManual.tex
LaTeX2e <2015/01/01>
Babel <3.9l> and hyphenation patterns for 79 languages loaded.
(/usr/local/texlive/2015/texmf-dist/tex/latex/base/report.cls
Document Class: report 2014/09/29 v1.4h Standard LaTeX document class
(/usr/local/texlive/2015/texmf-dist/tex/latex/base/size10.clo
File: size10.clo 2014/09/29 v1.4h Standard LaTeX file (size option)
)
\c@part=\count79
\c@chapter=\count80
\c@section=\count81
\c@subsection=\count82
\c@subsubsection=\count83
\c@paragraph=\count84
\c@subparagraph=\count85
\c@figure=\count86
\c@table=\count87
\abovecaptionskip=\skip41
\belowcaptionskip=\skip42
\bibindent=\dimen102
)
(/usr/local/texlive/2015/texmf-dist/tex/latex/framed/framed.sty
Package: framed 2011/10/22 v 0.96: framed or shaded text with page breaks
\OuterFrameSep=\skip43
\fb@frw=\dimen103
\fb@frh=\dimen104
\FrameRule=\dimen105
\FrameSep=\dimen106
)
(/usr/local/texlive/2015/texmf-dist/tex/latex/fancybox/fancybox.sty
Package: fancybox 2010/05/15 1.4

Style option: `fancybox' v1.4 <2010/05/15> (tvz)
\@fancybox=\box26
\shadowsize=\dimen107
\@Sbox=\box27
\do@VerbBox=\toks14
\the@fancyput=\toks15
\this@fancyput=\toks16
\EndVerbatimTokens=\toks17
\Verbatim@Outfile=\write3
\Verbatim@Infile=\read1
) (/usr/local/texlive/2015/texmf-dist/tex/latex/tools/multicol.sty
Package: multicol 2015/03/31 v1.8m multicolumn formatting (FMi)
\c@tracingmulticols=\count88
\mult@box=\box28
\multicol@leftmargin=\dimen108
\c@unbalance=\count89
\c@collectmore=\count90
\doublecol@number=\count91
\multicoltolerance=\count92
\multicolpretolerance=\count93
\full@width=\dimen109
\page@free=\dimen110
\premulticols=\dimen111
\postmulticols=\dimen112
\multicolsep=\skip44
\multicolbaselineskip=\skip45
\partial@page=\box29
\last@line=\box30
\maxbalancingoverflow=\dimen113
\mult@rightbox=\box31
\mult@grightbox=\box32
\mult@gfirstbox=\box33
\mult@firstbox=\box34
\@tempa=\box35
\@tempa=\box36
\@tempa=\box37
\@tempa=\box38
\@tempa=\box39
\@tempa=\box40
\@tempa=\box41
\@tempa=\box42
\@tempa=\box43
\@tempa=\box44
\@tempa=\box45
\@tempa=\box46
\@tempa=\box47
\@tempa=\box48
\@tempa=\box49
\@tempa=\box50
\@tempa=\box51
\c@columnbadness=\count94
\c@finalcolumnbadness=\count95
\last@try=\dimen114
\multicolovershoot=\dimen115
\multicolundershoot=\dimen116
\mult@nat@firstbox=\box52
\colbreak@box=\box53
\mc@col@check@num=\count96
)
(/usr/local/texlive/2015/texmf-dist/tex/latex/tools/verbatim.sty
Package: verbatim 2014/10/28 v1.5q LaTeX2e package for verbatim enhancements
\every@verbatim=\toks18
\verbatim@line=\toks19
\verbatim@in@stream=\read2
)
(/usr/local/texlive/2015/texmf-dist/tex/latex/hyperref/hyperref.sty
Package: hyperref 2012/11/06 v6.83m Hypertext links for LaTeX

(/usr/local/texlive/2015/texmf-dist/tex/generic/oberdiek/hobsub-hyperref.sty
Package: hobsub-hyperref 2012/05/28 v1.13 Bundle oberdiek, subset hyperref (HO)


(/usr/local/texlive/2015/texmf-dist/tex/generic/oberdiek/hobsub-generic.sty
Package: hobsub-generic 2012/05/28 v1.13 Bundle oberdiek, subset generic (HO)
Package: hobsub 2012/05/28 v1.13 Construct package bundles (HO)
Package: infwarerr 2010/04/08 v1.3 Providing info/warning/error messages (HO)
Package: ltxcmds 2011/11/09 v1.22 LaTeX kernel commands for general use (HO)
Package: ifluatex 2010/03/01 v1.3 Provides the ifluatex switch (HO)
Package ifluatex Info: LuaTeX not detected.
Package: ifvtex 2010/03/01 v1.5 Detect VTeX and its facilities (HO)
Package ifvtex Info: VTeX not detected.
Package: intcalc 2007/09/27 v1.1 Expandable calculations with integers (HO)
Package: ifpdf 2011/01/30 v2.3 Provides the ifpdf switch (HO)
Package ifpdf Info: pdfTeX in PDF mode is detected.
Package: etexcmds 2011/02/16 v1.5 Avoid name clashes with e-TeX commands (HO)
Package etexcmds Info: Could not find \expanded.
(etexcmds)             That can mean that you are not using pdfTeX 1.50 or
(etexcmds)             that some package has redefined \expanded.
(etexcmds)             In the latter case, load this package earlier.
Package: kvsetkeys 2012/04/25 v1.16 Key value parser (HO)
Package: kvdefinekeys 2011/04/07 v1.3 Define keys (HO)
Package: pdftexcmds 2011/11/29 v0.20 Utility functions of pdfTeX for LuaTeX (HO
)
Package pdftexcmds Info: LuaTeX not detected.
Package pdftexcmds Info: \pdf@primitive is available.
Package pdftexcmds Info: \pdf@ifprimitive is available.
Package pdftexcmds Info: \pdfdraftmode found.
Package: pdfescape 2011/11/25 v1.13 Implements pdfTeX's escape features (HO)
Package: bigintcalc 2012/04/08 v1.3 Expandable calculations on big integers (HO
)
Package: bitset 2011/01/30 v1.1 Handle bit-vector datatype (HO)
Package: uniquecounter 2011/01/30 v1.2 Provide unlimited unique counter (HO)
)
Package hobsub Info: Skipping package `hobsub' (already loaded).
Package: letltxmacro 2010/09/02 v1.4 Let assignment for LaTeX macros (HO)
Package: hopatch 2012/05/28 v1.2 Wrapper for package hooks (HO)
Package: xcolor-patch 2011/01/30 xcolor patch
Package: atveryend 2011/06/30 v1.8 Hooks at the very end of document (HO)
Package atveryend Info: \enddocument detected (standard20110627).
Package: atbegshi 2011/10/05 v1.16 At begin shipout hook (HO)
Package: refcount 2011/10/16 v3.4 Data extraction from label references (HO)
Package: hycolor 2011/01/30 v1.7 Color options for hyperref/bookmark (HO)
)
(/usr/local/texlive/2015/texmf-dist/tex/latex/graphics/keyval.sty
Package: keyval 2014/10/28 v1.15 key=value parser (DPC)
\KV@toks@=\toks20
)
(/usr/local/texlive/2015/texmf-dist/tex/generic/ifxetex/ifxetex.sty
Package: ifxetex 2010/09/12 v0.6 Provides ifxetex conditional
)
(/usr/local/texlive/2015/texmf-dist/tex/latex/oberdiek/auxhook.sty
Package: auxhook 2011/03/04 v1.3 Hooks for auxiliary files (HO)
)
(/usr/local/texlive/2015/texmf-dist/tex/latex/oberdiek/kvoptions.sty
Package: kvoptions 2011/06/30 v3.11 Key value format for package options (HO)
)
\@linkdim=\dimen117
\Hy@linkcounter=\count97
\Hy@pagecounter=\count98

(/usr/local/texlive/2015/texmf-dist/tex/latex/hyperref/pd1enc.def
File: pd1enc.def 2012/11/06 v6.83m Hyperref: PDFDocEncoding definition (HO)
)
\Hy@SavedSpaceFactor=\count99

(/usr/local/texlive/2015/texmf-dist/tex/latex/latexconfig/hyperref.cfg
File: hyperref.cfg 2002/06/06 v1.2 hyperref configuration of TeXLive
)
Package hyperref Info: Option `final' set `true' on input line 4319.
Package hyperref Info: Option `colorlinks' set `true' on input line 4319.
Package hyperref Info: Hyper figures OFF on input line 4443.
Package hyperref Info: Link nesting OFF on input line 4448.
Package hyperref Info: Hyper index ON on input line 4451.
Package hyperref Info: Plain pages OFF on input line 4458.
Package hyperref Info: Backreferencing OFF on input line 4463.
Package hyperref Info: Implicit mode ON; LaTeX internals redefined.
Package hyperref Info: Bookmarks ON on input line 4688.
\c@Hy@tempcnt=\count100

(/usr/local/texlive/2015/texmf-dist/tex/latex/url/url.sty
\Urlmuskip=\muskip10
Package: url 2013/09/16  ver 3.4  Verb mode for urls, etc.
)
LaTeX Info: Redefining \url on input line 5041.
\XeTeXLinkMargin=\dimen118
\Fld@menulength=\count101
\Field@Width=\dimen119
\Fld@charsize=\dimen120
Package hyperref Info: Hyper figures OFF on input line 6295.
Package hyperref Info: Link nesting OFF on input line 6300.
Package hyperref Info: Hyper index ON on input line 6303.
Package hyperref Info: backreferencing OFF on input line 6310.
Package hyperref Info: Link coloring ON on input line 6313.
Package hyperref Info: Link coloring with OCG OFF on input line 6320.
Package hyperref Info: PDF/A mode OFF on input line 6325.
LaTeX Info: Redefining \ref on input line 6365.
LaTeX Info: Redefining \pageref on input line 6369.
\Hy@abspage=\count102
\c@Item=\count103
\c@Hfootnote=\count104
)

Package hyperref Message: Driver: hpdftex.

(/usr/local/texlive/2015/texmf-dist/tex/latex/hyperref/hpdftex.def
File: hpdftex.def 2012/11/06 v6.83m Hyperref driver for pdfTeX
\Fld@listcount=\count105
\c@bookmark@seq@number=\count106

(/usr/local/texlive/2015/texmf-dist/tex/latex/oberdiek/rerunfilecheck.sty
Package: rerunfilecheck 2011/04/15 v1.7 Rerun checks for auxiliary files (HO)
Package uniquecounter Info: New unique counter `rerunfilecheck' on input line 2
82.
)
\Hy@SectionHShift=\skip46
)
Package hyperref Info: Option `colorlinks' set `true' on input line 10.

(/usr/local/texlive/2015/texmf-dist/tex/latex/graphics/epsfig.sty
Package: epsfig 1999/02/16 v1.7a (e)psfig emulation (SPQR)

(/usr/local/texlive/2015/texmf-dist/tex/latex/graphics/graphicx.sty
Package: graphicx 2014/10/28 v1.0g Enhanced LaTeX Graphics (DPC,SPQR)

(/usr/local/texlive/2015/texmf-dist/tex/latex/graphics/graphics.sty
Package: graphics 2014/10/28 v1.0p Standard LaTeX Graphics (DPC,SPQR)

(/usr/local/texlive/2015/texmf-dist/tex/latex/graphics/trig.sty
Package: trig 1999/03/16 v1.09 sin cos tan (DPC)
)
(/usr/local/texlive/2015/texmf-dist/tex/latex/latexconfig/graphics.cfg
File: graphics.cfg 2010/04/23 v1.9 graphics configuration of TeX Live
)
Package graphics Info: Driver file: pdftex.def on input line 94.

(/usr/local/texlive/2015/texmf-dist/tex/latex/pdftex-def/pdftex.def
File: pdftex.def 2011/05/27 v0.06d Graphics/color for pdfTeX
\Gread@gobject=\count107
))
\Gin@req@height=\dimen121
\Gin@req@width=\dimen122
)
\epsfxsize=\dimen123
\epsfysize=\dimen124
)
(/usr/local/texlive/2015/texmf-dist/tex/latex/tools/enumerate.sty
Package: enumerate 2014/10/28 v3.00 enumerate extensions (DPC)
\@enLab=\toks21
)
(/usr/local/texlive/2015/texmf-dist/tex/latex/amsmath/amsmath.sty
Package: amsmath 2013/01/14 v2.14 AMS math features
\@mathmargin=\skip47

For additional information on amsmath, use the `?' option.
(/usr/local/texlive/2015/texmf-dist/tex/latex/amsmath/amstext.sty
Package: amstext 2000/06/29 v2.01

(/usr/local/texlive/2015/texmf-dist/tex/latex/amsmath/amsgen.sty
File: amsgen.sty 1999/11/30 v2.0
\@emptytoks=\toks22
\ex@=\dimen125
))
(/usr/local/texlive/2015/texmf-dist/tex/latex/amsmath/amsbsy.sty
Package: amsbsy 1999/11/29 v1.2d
\pmbraise@=\dimen126
)
(/usr/local/texlive/2015/texmf-dist/tex/latex/amsmath/amsopn.sty
Package: amsopn 1999/12/14 v2.01 operator names
)
\inf@bad=\count108
LaTeX Info: Redefining \frac on input line 210.
\uproot@=\count109
\leftroot@=\count110
LaTeX Info: Redefining \overline on input line 306.
\classnum@=\count111
\DOTSCASE@=\count112
LaTeX Info: Redefining \ldots on input line 378.
LaTeX Info: Redefining \dots on input line 381.
LaTeX Info: Redefining \cdots on input line 466.
\Mathstrutbox@=\box54
\strutbox@=\box55
\big@size=\dimen127
LaTeX Font Info:    Redeclaring font encoding OML on input line 566.
LaTeX Font Info:    Redeclaring font encoding OMS on input line 567.
\macc@depth=\count113
\c@MaxMatrixCols=\count114
\dotsspace@=\muskip11
\c@parentequation=\count115
\dspbrk@lvl=\count116
\tag@help=\toks23
\row@=\count117
\column@=\count118
\maxfields@=\count119
\andhelp@=\toks24
\eqnshift@=\dimen128
\alignsep@=\dimen129
\tagshift@=\dimen130
\tagwidth@=\dimen131
\totwidth@=\dimen132
\lineht@=\dimen133
\@envbody=\toks25
\multlinegap=\skip48
\multlinetaggap=\skip49
\mathdisplay@stack=\toks26
LaTeX Info: Redefining \[ on input line 2665.
LaTeX Info: Redefining \] on input line 2666.
)
(/usr/local/texlive/2015/texmf-dist/tex/latex/amsfonts/amsfonts.sty
Package: amsfonts 2013/01/14 v3.01 Basic AMSFonts support
\symAMSa=\mathgroup4
\symAMSb=\mathgroup5
LaTeX Font Info:    Overwriting math alphabet `\mathfrak' in version `bold'
(Font)                  U/euf/m/n --> U/euf/b/n on input line 106.
)
(/usr/local/texlive/2015/texmf-dist/tex/latex/base/latexsym.sty
Package: latexsym 1998/08/17 v2.2e Standard LaTeX package (lasy symbols)
\symlasy=\mathgroup6
LaTeX Font Info:    Overwriting symbol font `lasy' in version `bold'
(Font)                  U/lasy/m/n --> U/lasy/b/n on input line 52.
)
(/usr/local/texlive/2015/texmf-dist/tex/latex/tools/theorem.sty
Package: theorem 2014/10/28 v2.2c Theorem extension package (FMi)
\theorem@style=\toks27
\theorem@bodyfont=\toks28
\theorempreskipamount=\skip50
\theorempostskipamount=\skip51

(/usr/local/texlive/2015/texmf-dist/tex/latex/tools/thp.sty
File: thp.sty 2014/10/28 v2.2c Theorem extension package (FMi)
))
(/usr/local/texlive/2015/texmf-dist/tex/latex/fancyhdr/fancyhdr.sty
\fancy@headwidth=\skip52
\f@ncyO@elh=\skip53
\f@ncyO@erh=\skip54
\f@ncyO@olh=\skip55
\f@ncyO@orh=\skip56
\f@ncyO@elf=\skip57
\f@ncyO@erf=\skip58
\f@ncyO@olf=\skip59
\f@ncyO@orf=\skip60
)
(/usr/local/texlive/2015/texmf-dist/tex/latex/subfigure/subfigure.sty
Package: subfigure 2002/03/15 v2.1.5 subfigure package
\subfigtopskip=\skip61
\subfigcapskip=\skip62
\subfigcaptopadj=\dimen134
\subfigbottomskip=\skip63
\subfigcapmargin=\dimen135
\subfiglabelskip=\skip64
\c@subfigure=\count120
\c@lofdepth=\count121
\c@subtable=\count122
\c@lotdepth=\count123

****************************************
* Local config file subfigure.cfg used *
****************************************
(/usr/local/texlive/2015/texmf-dist/tex/latex/subfigure/subfigure.cfg)
\subfig@top=\skip65
\subfig@bottom=\skip66
)
(/usr/local/texlive/2015/texmf-dist/tex/latex/base/makeidx.sty
Package: makeidx 2014/09/29 v1.0m Standard LaTeX package
)
(/usr/local/texlive/2015/texmf-dist/tex/latex/amsfonts/amssymb.sty
Package: amssymb 2013/01/14 v3.01 AMS font symbols
)
(./myfloat.sty

LaTeX Warning: You have requested package `myfloat',
               but the package provides `float'.

Package: float 2001/11/08 v1.3d Float enhancements (AL)
\c@float@type=\count124
\float@exts=\toks29
\float@box=\box56
\@float@everytoks=\toks30
\@floatcapt=\box57
) (/usr/local/texlive/2015/texmf-dist/tex/latex/tools/longtable.sty
Package: longtable 2014/10/28 v4.11 Multi-page Table package (DPC)
\LTleft=\skip67
\LTright=\skip68
\LTpre=\skip69
\LTpost=\skip70
\LTchunksize=\count125
\LTcapwidth=\dimen136
\LT@head=\box58
\LT@firsthead=\box59
\LT@foot=\box60
\LT@lastfoot=\box61
\LT@cols=\count126
\LT@rows=\count127
\c@LT@tables=\count128
\c@LT@chunks=\count129
\LT@p@ftn=\toks31
)
(/usr/local/texlive/2015/texmf-dist/tex/latex/harvard/harvard.sty
Package: harvard 

(/usr/local/texlive/2015/texmf-dist/tex/latex/base/ifthen.sty
Package: ifthen 2014/09/29 v1.1c Standard LaTeX ifthen package (DPC)
))
(/usr/local/texlive/2015/texmf-dist/tex/latex/ccaption/ccaption.sty
Package: ccaption 2011/08/07 v3.2c Extended captioning and new floats


Package ccaption) Warning: You have used the caption2 option.
(ccaption))                The ccaption styling commands
(ccaption))                are unavailable to you.

\abovelegendskip=\skip71
\belowlegendskip=\skip72
\c@newflo@tctr=\count130
) (/usr/local/texlive/2015/texmf-dist/tex/latex/caption/caption2.sty
Package: caption2 2013/02/03 v2.2-62 Customising captions (AR)


Package caption2 Warning: ****************************************************
(caption2)                THIS PACKAGE IS OBSOLETE:
(caption2)                This package attempts to provide an `caption2'
(caption2)                package v2.0/2.1 author environment so that OLD
(caption2)                documents can be successfully processed. It should
(caption2)                NOT be used for NEW documents! New documents should
(caption2)                use the regular `caption' package v3.x instead.
(caption2)                ****************************************************

(/usr/local/texlive/2015/texmf-dist/tex/latex/caption/caption3.sty
Package: caption3 2013/05/02 v1.6-88 caption3 kernel (AR)
Package caption3 Info: TeX engine: e-TeX on input line 57.
\captionmargin=\dimen137
\captionmargin@=\dimen138
\captionwidth=\dimen139
\caption@tempdima=\dimen140
\caption@indent=\dimen141
\caption@parindent=\dimen142
\caption@hangindent=\dimen143
)
Package caption2 Info: Running in caption2 v2.0 compatibility mode on input lin
e 215.
\captionlinewidth=\dimen144
\realcaptionwidth=\dimen145
Package caption2 Info: float package v1.2 (or newer) detected on input line 324
.
Package caption2 Info: longtable package v3.15 (or newer) detected on input lin
e 346.
Package caption2 Info: subfigure package v2.1 (or newer) detected on input line
 443.
\subfigcapwidth=\dimen146
\subcapindent=\dimen147
)
(/usr/local/texlive/2015/texmf-dist/tex/latex/psnfss/palatino.sty
Package: palatino 2005/04/12 PSNFSS-v9.2a (SPQR) 
)
\c@thm=\count131
\c@Thmproof=\count132

(/usr/local/texlive/2015/texmf-dist/tex/latex/tools/calc.sty
Package: calc 2014/10/28 v4.3 Infix arithmetic (KKT,FJ)
\calc@Acount=\count133
\calc@Bcount=\count134
\calc@Adimen=\dimen148
\calc@Bdimen=\dimen149
\calc@Askip=\skip73
\calc@Bskip=\skip74
LaTeX Info: Redefining \setlength on input line 80.
LaTeX Info: Redefining \addtolength on input line 81.
\calc@Ccount=\count135
\calc@Cskip=\skip75
)

Package Fancyhdr Warning: \fancyhead's `E' option without twoside option is use
less on input line 50.


Package Fancyhdr Warning: \fancyhead's `E' option without twoside option is use
less on input line 52.

\@float@every@pfigure=\toks32
\c@pfigure=\count136
\c@example=\count137
\c@question=\count138
(/usr/local/texlive/2015/texmf-dist/tex/latex/tools/thb.sty
File: thb.sty 2014/10/28 v2.2c Theorem extension package (FMi)
)
\c@example=\count139
LaTeX Font Info:    Try loading font information for OT1+ppl on input line 94.

(/usr/local/texlive/2015/texmf-dist/tex/latex/psnfss/ot1ppl.fd
File: ot1ppl.fd 2001/06/04 font definitions for OT1/ppl.
)
\c@solution=\count140

\theoremheaderfont should be used only once.
\c@question=\count141
(/usr/local/texlive/2015/texmf-dist/tex/latex/graphics/color.sty
Package: color 2014/10/28 v1.1a Standard LaTeX Color (DPC)

(/usr/local/texlive/2015/texmf-dist/tex/latex/latexconfig/color.cfg
File: color.cfg 2007/01/18 v1.5 color configuration of teTeX/TeXLive
)
Package color Info: Driver file: pdftex.def on input line 142.
)
\@indexfile=\write4
\openout4 = `gpopsManual.idx'.


Writing index file gpopsManual.idx
(./gpopsManual.aux)
\openout1 = `gpopsManual.aux'.

LaTeX Font Info:    Checking defaults for OML/cmm/m/it on input line 141.
LaTeX Font Info:    ... okay on input line 141.
LaTeX Font Info:    Checking defaults for T1/cmr/m/n on input line 141.
LaTeX Font Info:    ... okay on input line 141.
LaTeX Font Info:    Checking defaults for OT1/cmr/m/n on input line 141.
LaTeX Font Info:    ... okay on input line 141.
LaTeX Font Info:    Checking defaults for OMS/cmsy/m/n on input line 141.
LaTeX Font Info:    ... okay on input line 141.
LaTeX Font Info:    Checking defaults for OMX/cmex/m/n on input line 141.
LaTeX Font Info:    ... okay on input line 141.
LaTeX Font Info:    Checking defaults for U/cmr/m/n on input line 141.
LaTeX Font Info:    ... okay on input line 141.
LaTeX Font Info:    Checking defaults for PD1/pdf/m/n on input line 141.
LaTeX Font Info:    ... okay on input line 141.
\AtBeginShipoutBox=\box62
Package hyperref Info: Link coloring ON on input line 141.

(/usr/local/texlive/2015/texmf-dist/tex/latex/hyperref/nameref.sty
Package: nameref 2012/10/27 v2.43 Cross-referencing by name of section

(/usr/local/texlive/2015/texmf-dist/tex/generic/oberdiek/gettitlestring.sty
Package: gettitlestring 2010/12/03 v1.4 Cleanup title references (HO)
)
\c@section@level=\count142
)
LaTeX Info: Redefining \ref on input line 141.
LaTeX Info: Redefining \pageref on input line 141.
LaTeX Info: Redefining \nameref on input line 141.

(./gpopsManual.out) (./gpopsManual.out)
\@outlinefile=\write5
\openout5 = `gpopsManual.out'.


(/usr/local/texlive/2015/texmf-dist/tex/context/base/supp-pdf.mkii
[Loading MPS to PDF converter (version 2006.09.02).]
\scratchcounter=\count143
\scratchdimen=\dimen150
\scratchbox=\box63
\nofMPsegments=\count144
\nofMParguments=\count145
\everyMPshowfont=\toks33
\MPscratchCnt=\count146
\MPscratchDim=\dimen151
\MPnumerator=\count147
\makeMPintoPDFobject=\count148
\everyMPtoPDFconversion=\toks34
) (/usr/local/texlive/2015/texmf-dist/tex/latex/oberdiek/epstopdf-base.sty
Package: epstopdf-base 2010/02/09 v2.5 Base part for package epstopdf

(/usr/local/texlive/2015/texmf-dist/tex/latex/oberdiek/grfext.sty
Package: grfext 2010/08/19 v1.1 Manage graphics extensions (HO)
)
Package grfext Info: Graphics extension search list:
(grfext)             [.png,.pdf,.jpg,.mps,.jpeg,.jbig2,.jb2,.PNG,.PDF,.JPG,.JPE
G,.JBIG2,.JB2,.eps]
(grfext)             \AppendGraphicsExtensions on input line 452.

(/usr/local/texlive/2015/texmf-dist/tex/latex/latexconfig/epstopdf-sys.cfg
File: epstopdf-sys.cfg 2010/07/13 v1.3 Configuration of (r)epstopdf for TeX Liv
e
))
Package caption Info: Begin \AtBeginDocument code.
Package caption Info: End \AtBeginDocument code.

(./shortcuts.tex)
LaTeX Font Info:    Font shape `OT1/ppl/bx/n' in size <17.28> not available
(Font)              Font shape `OT1/ppl/b/n' tried instead on input line 149.
LaTeX Font Info:    Try loading font information for U+msa on input line 149.

(/usr/local/texlive/2015/texmf-dist/tex/latex/amsfonts/umsa.fd
File: umsa.fd 2013/01/14 v3.01 AMS symbols A
)
LaTeX Font Info:    Try loading font information for U+msb on input line 149.

(/usr/local/texlive/2015/texmf-dist/tex/latex/amsfonts/umsb.fd
File: umsb.fd 2013/01/14 v3.01 AMS symbols B
)
LaTeX Font Info:    Try loading font information for U+lasy on input line 149.

(/usr/local/texlive/2015/texmf-dist/tex/latex/base/ulasy.fd
File: ulasy.fd 1998/08/17 v2.2e LaTeX symbol font definitions
)

LaTeX Warning: Command \textregistered invalid in math mode on input line 149.


LaTeX Warning: Command \textcircled invalid in math mode on input line 149.

LaTeX Font Info:    Try loading font information for OMS+ppl on input line 149.

(/usr/local/texlive/2015/texmf-dist/tex/latex/psnfss/omsppl.fd
File: omsppl.fd 
)

LaTeX Font Warning: Font shape `OMS/ppl/bx/n' undefined
(Font)              using `OMS/ppl/m/n' instead on input line 149.

LaTeX Font Info:    Font shape `OMS/ppl/m/n' in size <17.28> not available
(Font)              Font shape `OMS/cmsy/m/n' tried instead on input line 149.

LaTeX Warning: Command \textcircled invalid in math mode on input line 149.

LaTeX Font Info:    Font shape `OMS/ppl/bx/n' in size <17.28> not available
(Font)              Font shape `OMS/cmsy/m/n' tried instead on input line 149.
LaTeX Font Info:    Font shape `OT1/ppl/bx/n' in size <12> not available
(Font)              Font shape `OT1/ppl/b/n' tried instead on input line 149.
[1

{/usr/local/texlive/2015/texmf-var/fonts/map/pdftex/updmap/pdftex.map}]pdfTeX w
arning (ext4): destination with the same identifier (name{page.1}) has been alr
eady used, duplicate ignored
<to be read again> 
                   \relax 
l.157 \chapter
              *{Acknowledgments} [1

]
LaTeX Font Info:    Font shape `OT1/ppl/bx/n' in size <24.88> not available
(Font)              Font shape `OT1/ppl/b/n' tried instead on input line 157.
 [2

] [3

]
LaTeX Font Info:    Font shape `OMS/ppl/m/n' in size <10> not available
(Font)              Font shape `OMS/cmsy/m/n' tried instead on input line 202.
LaTeX Font Info:    Try loading font information for OT1+pcr on input line 202.


(/usr/local/texlive/2015/texmf-dist/tex/latex/psnfss/ot1pcr.fd
File: ot1pcr.fd 2001/06/04 font definitions for OT1/pcr.
) [4

] [5

]
File: ../../LICENSE.GPOPS  (verbatim)

[6

]
LaTeX Font Info:    Font shape `OT1/ppl/bx/n' in size <9> not available
(Font)              Font shape `OT1/ppl/b/n' tried instead on input line 224.
 [7] [8] [9] (./gpopsManual.toc
LaTeX Font Info:    Font shape `OT1/ppl/bx/n' in size <10> not available
(Font)              Font shape `OT1/ppl/b/n' tried instead on input line 1.
)
\tf@toc=\write6
\openout6 = `gpopsManual.toc'.

 [10

]
Chapter 1.

Package hyperref Warning: Token not allowed in a PDF string (PDFDocEncoding):
(hyperref)                removing `math shift' on input line 230.


Package hyperref Warning: Token not allowed in a PDF string (PDFDocEncoding):
(hyperref)                removing `math shift' on input line 230.

LaTeX Font Info:    Font shape `OT1/ppl/bx/n' in size <20.74> not available
(Font)              Font shape `OT1/ppl/b/n' tried instead on input line 230.

LaTeX Warning: Command \textregistered invalid in math mode on input line 235.


LaTeX Warning: Command \textcircled invalid in math mode on input line 235.


LaTeX Warning: Command \textcircled invalid in math mode on input line 235.

<linkages.pdf, id=210, 496.87762pt x 257.4669pt>
File: linkages.pdf Graphic file (type pdf)
 <use linkages.pdf>
Package pdftex.def Info: linkages.pdf used on input line 280.
(pdftex.def)             Requested size: 472.03107pt x 244.59216pt.

Overfull \hbox (2.27608pt too wide) in paragraph at lines 280--285
 [][] 
 []


LaTeX Warning: `h' float specifier changed to `ht'.

LaTeX Font Info:    Font shape `OT1/ppl/bx/n' in size <14.4> not available
(Font)              Font shape `OT1/ppl/b/n' tried instead on input line 288.

Package hyperref Warning: Token not allowed in a PDF string (PDFDocEncoding):
(hyperref)                removing `math shift' on input line 288.


Package hyperref Warning: Token not allowed in a PDF string (PDFDocEncoding):
(hyperref)                removing `math shift' on input line 288.

[11

]
LaTeX Font Info:    Font shape `U/lasy/b/n' in size <7> not available
(Font)              Font shape `U/lasy/m/n' tried instead on input line 317.
LaTeX Font Info:    Font shape `U/lasy/b/n' in size <5> not available
(Font)              Font shape `U/lasy/m/n' tried instead on input line 317.
 [12pdfTeX warning (ext4): destination with the same identifier (name{figure.1.
1}) has been already used, duplicate ignored

\AtBegShi@Output ...ipout \box \AtBeginShipoutBox 
                                                  \fi \fi 
l.343 \begin{equation}
                       \label{state approximation gauss} <./linkages.pdf>]
Overfull \hbox (1.39088pt too wide) in paragraph at lines 352--355
\OT1/ppl/m/n/10 Additionally, the con-trol is ap-prox-i-mated us-ing a ba-sis o
f $\OML/cmm/m/it/10 N$ \OT1/ppl/m/n/10 La-grange in-ter-po-lat-ing poly-no-mi-a
ls $\OML/cmm/m/it/10 L[]\OT1/cmr/m/n/10 (\OML/cmm/m/it/10 ^^\\OT1/cmr/m/n/10 )\
OML/cmm/m/it/10 ;  \OT1/cmr/m/n/10 (\OML/cmm/m/it/10 i \OT1/cmr/m/n/10 =
 []

[13] [14] [15] [16]
LaTeX Font Info:    Font shape `OT1/ppl/bx/it' in size <10> not available
(Font)              Font shape `OT1/ppl/b/it' tried instead on input line 782.
LaTeX Font Info:    Font shape `OT1/ppl/bx/it' in size <12> not available
(Font)              Font shape `OT1/ppl/b/it' tried instead on input line 782.

Overfull \hbox (0.96541pt too wide) in paragraph at lines 783--791
[]\OT1/ppl/m/it/10 The Karush-Kuhn-Tucker (KKT)
 []

[17] <diff_flow.pdf, id=345, 558.74193pt x 437.69221pt>
File: diff_flow.pdf Graphic file (type pdf)
 <use diff_flow.pdf>
Package pdftex.def Info: diff_flow.pdf used on input line 814.
(pdftex.def)             Requested size: 391.11668pt x 306.38246pt.

[18pdfTeX warning (ext4): destination with the same identifier (name{figure.1.2
}) has been already used, duplicate ignored

\AtBegShi@Output ...ipout \box \AtBeginShipoutBox 
                                                  \fi \fi 
l.845 
       <./diff_flow.pdf>] [19]

Package hyperref Warning: Token not allowed in a PDF string (PDFDocEncoding):
(hyperref)                removing `math shift' on input line 934.


Package hyperref Warning: Token not allowed in a PDF string (PDFDocEncoding):
(hyperref)                removing `math shift' on input line 934.


LaTeX Warning: Command \textregistered invalid in math mode on input line 963.


LaTeX Warning: Command \textcircled invalid in math mode on input line 963.


LaTeX Warning: Command \textcircled invalid in math mode on input line 963.

[20]
Chapter 2.

Package hyperref Warning: Token not allowed in a PDF string (PDFDocEncoding):
(hyperref)                removing `math shift' on input line 974.


Package hyperref Warning: Token not allowed in a PDF string (PDFDocEncoding):
(hyperref)                removing `math shift' on input line 974.


Package hyperref Warning: Token not allowed in a PDF string (PDFDocEncoding):
(hyperref)                removing `math shift' on input line 996.


Package hyperref Warning: Token not allowed in a PDF string (PDFDocEncoding):
(hyperref)                removing `math shift' on input line 996.

[21

]

LaTeX Font Warning: Command \sl invalid in math mode on input line 1049.


LaTeX Font Warning: Command \sl invalid in math mode on input line 1049.


LaTeX Font Warning: Command \sl invalid in math mode on input line 1050.


LaTeX Font Warning: Command \sl invalid in math mode on input line 1050.


LaTeX Font Warning: Command \sl invalid in math mode on input line 1051.


LaTeX Font Warning: Command \sl invalid in math mode on input line 1051.


LaTeX Font Warning: Command \sl invalid in math mode on input line 1052.


LaTeX Font Warning: Command \sl invalid in math mode on input line 1052.

[22] [23]
Overfull \hbox (11.20178pt too wide) in paragraph at lines 1179--1184
\OT1/ppl/m/n/10 and up-per lim-its on the event con-straints in phase $\OML/cmm
/m/it/10 p \OMS/cmsy/m/n/10 2 \OT1/cmr/m/n/10 [1\OML/cmm/m/it/10 ; [] ; P\OT1/c
mr/m/n/10 ]$\OT1/ppl/m/n/10 . The col-umn vec-tors []\OT1/ppl/b/n/10 limits($\O
ML/cmm/m/it/10 p$\OT1/ppl/b/n/10 ).event.min[]
 []

[24]
Overfull \vbox (5.3901pt too high) detected at line 1383
 []

[25] [26] [27] [28] [29] [30] [31] [32] [33]
Overfull \hbox (3.28006pt too wide) in paragraph at lines 1885--1888
[][]\OT1/ppl/m/sl/10 setup[]\OT1/ppl/m/n/10 .[]\OT1/ppl/b/n/10 derivatives[]\OT
1/ppl/m/n/10 =``automatic-INTLAB'': au-to-matic dif-fer-en-ti-a-tion us-ing the
 third-party pro-gram \OT1/ppl/m/it/10 INT-
 []

[34] [35] [36] [37] [38] [39] [40]

Package hyperref Warning: Token not allowed in a PDF string (PDFDocEncoding):
(hyperref)                removing `math shift' on input line 2266.


Package hyperref Warning: Token not allowed in a PDF string (PDFDocEncoding):
(hyperref)                removing `math shift' on input line 2266.


Package hyperref Warning: Token not allowed in a PDF string (PDFDocEncoding):
(hyperref)                removing `math shift' on input line 2299.


Package hyperref Warning: Token not allowed in a PDF string (PDFDocEncoding):
(hyperref)                removing `math shift' on input line 2299.

[41] [42]
Chapter 3.

Package hyperref Warning: Token not allowed in a PDF string (PDFDocEncoding):
(hyperref)                removing `math shift' on input line 2337.


Package hyperref Warning: Token not allowed in a PDF string (PDFDocEncoding):
(hyperref)                removing `math shift' on input line 2337.

No file ../examples/hyperSensitive/hyperSensitiveMain.m.
No file ../examples/hyperSensitive/hyperSensitiveCost.m.
No file ../examples/hyperSensitive/hyperSensitiveDae.m.
<xvst.pdf, id=548, 516.93124pt x 404.51125pt>
File: xvst.pdf Graphic file (type pdf)
 <use xvst.pdf>
Package pdftex.def Info: xvst.pdf used on input line 2385.
(pdftex.def)             Requested size: 323.24687pt x 252.94499pt.

<lambdavst.pdf, id=549, 526.96875pt x 408.52625pt>
File: lambdavst.pdf Graphic file (type pdf)
 <use lambdavst.pdf>
Package pdftex.def Info: lambdavst.pdf used on input line 2390.
(pdftex.def)             Requested size: 326.28304pt x 252.94499pt.
 [43

]
<Hamvst_hyper.pdf, id=557, 518.93875pt x 424.58624pt>
File: Hamvst_hyper.pdf Graphic file (type pdf)
 <use Hamvst_hyper.pdf>
Package pdftex.def Info: Hamvst_hyper.pdf used on input line 2395.
(pdftex.def)             Requested size: 309.15643pt x 252.94499pt.

[44pdfTeX warning (ext4): destination with the same identifier (name{figure.3.1
}) has been already used, duplicate ignored

\AtBegShi@Output ...ipout \box \AtBeginShipoutBox 
                                                  \fi \fi 
l.2398 
       pdfTeX warning (ext4): destination with the same identifier (name{figure
.3.2}) has been already used, duplicate ignored

\AtBegShi@Output ...ipout \box \AtBeginShipoutBox 
                                                  \fi \fi 
l.2398 
        <./xvst.pdf> <./lambdavst.pdf>] [45pdfTeX warning (ext4): destination w
ith the same identifier (name{figure.3.3}) has been already used, duplicate ign
ored

\AtBegShi@Output ...ipout \box \AtBeginShipoutBox 
                                                  \fi \fi 
l.2442 \begin{shadedframe}
                           <./Hamvst_hyper.pdf>]
No file ../examples/brysonDenham/brysonDenhamMain.m.
No file ../examples/brysonDenham/brysonDenhamCost.m.
No file ../examples/brysonDenham/brysonDenhamDae.m.
<x1vstBrysonDenham.pdf, id=590, 524.96124pt x 404.51125pt>
File: x1vstBrysonDenham.pdf Graphic file (type pdf)

<use x1vstBrysonDenham.pdf>
Package pdftex.def Info: x1vstBrysonDenham.pdf used on input line 2453.
(pdftex.def)             Requested size: 328.26819pt x 252.94499pt.

<x2vstBrysonDenham.pdf, id=591, 534.99875pt x 408.52625pt>
File: x2vstBrysonDenham.pdf Graphic file (type pdf)

<use x2vstBrysonDenham.pdf>
Package pdftex.def Info: x2vstBrysonDenham.pdf used on input line 2458.
(pdftex.def)             Requested size: 331.25496pt x 252.94499pt.

<x3vstBrysonDenham.pdf, id=592, 524.96124pt x 408.52625pt>
File: x3vstBrysonDenham.pdf Graphic file (type pdf)

<use x3vstBrysonDenham.pdf>
Package pdftex.def Info: x3vstBrysonDenham.pdf used on input line 2463.
(pdftex.def)             Requested size: 325.04005pt x 252.94499pt.
 [46pdfTeX warning (ext4): destination with the same identifier (name{figure.3.
4}) has been already used, duplicate ignored

\AtBegShi@Output ...ipout \box \AtBeginShipoutBox 
                                                  \fi \fi 
l.2465 \end{figure}
                    <./x1vstBrysonDenham.pdf>]
<lambda1vstBrysonDenham.pdf, id=602, 523.9575pt x 404.51125pt>
File: lambda1vstBrysonDenham.pdf Graphic file (type pdf)

<use lambda1vstBrysonDenham.pdf>
Package pdftex.def Info: lambda1vstBrysonDenham.pdf used on input line 2469.
(pdftex.def)             Requested size: 327.64052pt x 252.94499pt.

<lambda2vstBrysonDenham.pdf, id=603, 512.91624pt x 408.52625pt>
File: lambda2vstBrysonDenham.pdf Graphic file (type pdf)

<use lambda2vstBrysonDenham.pdf>
Package pdftex.def Info: lambda2vstBrysonDenham.pdf used on input line 2474.
(pdftex.def)             Requested size: 317.58215pt x 252.94499pt.
 [47pdfTeX warning (ext4): destination with the same identifier (name{figure.3.
5}) has been already used, duplicate ignored

\AtBegShi@Output ...ipout \box \AtBeginShipoutBox 
                                                  \fi \fi 
l.2476 \end{figure}
                   pdfTeX warning (ext4): destination with the same identifier 
(name{figure.3.6}) has been already used, duplicate ignored

\AtBegShi@Output ...ipout \box \AtBeginShipoutBox 
                                                  \fi \fi 
l.2476 \end{figure}
                    <./x2vstBrysonDenham.pdf> <./x3vstBrysonDenham.pdf>]
<lambda3vstBrysonDenham.pdf, id=619, 512.91624pt x 408.52625pt>
File: lambda3vstBrysonDenham.pdf Graphic file (type pdf)

<use lambda3vstBrysonDenham.pdf>
Package pdftex.def Info: lambda3vstBrysonDenham.pdf used on input line 2479.
(pdftex.def)             Requested size: 317.58215pt x 252.94499pt.

<uvstBrysonDenham.pdf, id=620, 512.91624pt x 408.52625pt>
File: uvstBrysonDenham.pdf Graphic file (type pdf)

<use uvstBrysonDenham.pdf>
Package pdftex.def Info: uvstBrysonDenham.pdf used on input line 2484.
(pdftex.def)             Requested size: 317.58215pt x 252.94499pt.
 [48pdfTeX warning (ext4): destination with the same identifier (name{figure.3.
7}) has been already used, duplicate ignored

\AtBegShi@Output ...ipout \box \AtBeginShipoutBox 
                                                  \fi \fi 
l.2486 \end{figure}
                   pdfTeX warning (ext4): destination with the same identifier 
(name{figure.3.8}) has been already used, duplicate ignored

\AtBegShi@Output ...ipout \box \AtBeginShipoutBox 
                                                  \fi \fi 
l.2486 \end{figure}
                    <./lambda1vstBrysonDenham.pdf> <./lambda2vstBrysonDenham.pd
f>] [49pdfTeX warning (ext4): destination with the same identifier (name{figure
.3.9}) has been already used, duplicate ignored

\AtBegShi@Output ...ipout \box \AtBeginShipoutBox 
                                                  \fi \fi 
l.2496 \subsection
                  {Vehicle Properties}pdfTeX warning (ext4): destination with t
he same identifier (name{figure.3.10}) has been already used, duplicate ignored


\AtBegShi@Output ...ipout \box \AtBeginShipoutBox 
                                                  \fi \fi 
l.2496 \subsection
                  {Vehicle Properties} <./lambda3vstBrysonDenham.pdf> <./uvstBr
ysonDenham.pdf>] [50pdfTeX warning (ext4): destination with the same identifier
 (name{table.3.1}) has been already used, duplicate ignored

\AtBegShi@Output ...ipout \box \AtBeginShipoutBox 
                                                  \fi \fi 
l.2583 
       ] [51pdfTeX warning (ext4): destination with the same identifier (name{t
able.3.2}) has been already used, duplicate ignored

\AtBegShi@Output ...ipout \box \AtBeginShipoutBox 
                                                  \fi \fi 
l.2676 \end{equation}
                     ]
No file ../examples/launch/launchMain.m.
No file ../examples/launch/launchCost.m.
No file ../examples/launch/launchDae.m.
No file ../examples/launch/launchEvent.m.
No file ../examples/launch/launchrv2oe.m.
No file ../examples/launch/launchoe2rv.m.
<altitudevstLaunch.pdf, id=688, 527.9725pt x 404.51125pt>
File: altitudevstLaunch.pdf Graphic file (type pdf)

<use altitudevstLaunch.pdf>
Package pdftex.def Info: altitudevstLaunch.pdf used on input line 2710.
(pdftex.def)             Requested size: 330.15118pt x 252.94499pt.

<speedvstLaunch.pdf, id=689, 536.0025pt x 404.51125pt>
File: speedvstLaunch.pdf Graphic file (type pdf)

<use speedvstLaunch.pdf>
Package pdftex.def Info: speedvstLaunch.pdf used on input line 2715.
(pdftex.def)             Requested size: 335.17249pt x 252.94499pt.
 <uvstLaunch.pdf, id=690, 524.96124pt x 404.51125pt>
File: uvstLaunch.pdf Graphic file (type pdf)

<use uvstLaunch.pdf>
Package pdftex.def Info: uvstLaunch.pdf used on input line 2720.
(pdftex.def)             Requested size: 328.26819pt x 252.94499pt.
 [52pdfTeX warning (ext4): destination with the same identifier (name{figure.3.
11}) has been already used, duplicate ignored

\AtBegShi@Output ...ipout \box \AtBeginShipoutBox 
                                                  \fi \fi 
l.2722 \end{figure}
                    <./altitudevstLaunch.pdf>] [53pdfTeX warning (ext4): destin
ation with the same identifier (name{figure.3.12}) has been already used, dupli
cate ignored

\AtBegShi@Output ...ipout \box \AtBeginShipoutBox 
                                                  \fi \fi 
l.2735 
       pdfTeX warning (ext4): destination with the same identifier (name{figure
.3.13}) has been already used, duplicate ignored

\AtBegShi@Output ...ipout \box \AtBeginShipoutBox 
                                                  \fi \fi 
l.2735 
        <./speedvstLaunch.pdf> <./uvstLaunch.pdf>]
No file ../examples/minimumClimb/minimumClimbMain.m.
No file ../examples/minimumClimb/minimumClimbCost.m.
No file ../examples/minimumClimb/minimumClimbDae.m.
No file ../examples/minimumClimb/minimumClimbDae.m.
<hvstMinClimb.pdf, id=720, 507.04703pt x 393.94476pt>
File: hvstMinClimb.pdf Graphic file (type pdf)
 <use hvstMinClimb.pdf>
Package pdftex.def Info: hvstMinClimb.pdf used on input line 2776.
(pdftex.def)             Requested size: 325.56894pt x 252.94499pt.

<fpavstMinClimb.pdf, id=721, 507.8751pt x 390.93051pt>
File: fpavstMinClimb.pdf Graphic file (type pdf)

<use fpavstMinClimb.pdf>
Package pdftex.def Info: fpavstMinClimb.pdf used on input line 2781.
(pdftex.def)             Requested size: 328.61148pt x 252.94499pt.
 [54]
<nvstMinClimb.pdf, id=730, 506.9113pt x 390.93051pt>
File: nvstMinClimb.pdf Graphic file (type pdf)
 <use nvstMinClimb.pdf>
Package pdftex.def Info: nvstMinClimb.pdf used on input line 2786.
(pdftex.def)             Requested size: 327.98787pt x 252.94499pt.

[55pdfTeX warning (ext4): destination with the same identifier (name{figure.3.1
4}) has been already used, duplicate ignored

\AtBegShi@Output ...ipout \box \AtBeginShipoutBox 
                                                  \fi \fi 
l.2789 
       pdfTeX warning (ext4): destination with the same identifier (name{figure
.3.15}) has been already used, duplicate ignored

\AtBegShi@Output ...ipout \box \AtBeginShipoutBox 
                                                  \fi \fi 
l.2789 
        <./hvstMinClimb.pdf> <./fpavstMinClimb.pdf>] [56pdfTeX warning (ext4): 
destination with the same identifier (name{figure.3.16}) has been already used,
 duplicate ignored

\AtBegShi@Output ...ipout \box \AtBeginShipoutBox 
                                                  \fi \fi 
l.2812 \begin{thebibliography}{}
                                 <./nvstMinClimb.pdf>] [57

]
Package atveryend Info: Empty hook `BeforeClearDocument' on input line 2919.
 [58]
Package atveryend Info: Empty hook `AfterLastShipout' on input line 2919.

(./gpopsManual.aux)
Package atveryend Info: Executing hook `AtVeryEndDocument' on input line 2919.
Package atveryend Info: Executing hook `AtEndAfterFileList' on input line 2919.

Package rerunfilecheck Info: File `gpopsManual.out' has not changed.
(rerunfilecheck)             Checksum: A769D14B1DE84BEBFDBB7C4408216E76;2436.


LaTeX Font Warning: Some font shapes were not available, defaults substituted.

Package atveryend Info: Empty hook `AtVeryVeryEnd' on input line 2919.
 ) 
Here is how much of TeX's memory you used:
 9099 strings out of 493089
 129111 string characters out of 6134842
 238092 words of memory out of 5000000
 12138 multiletter control sequences out of 15000+600000
 48851 words of font info for 149 fonts, out of 8000000 for 9000
 1141 hyphenation exceptions out of 8191
 36i,20n,45p,819b,456s stack positions out of 5000i,500n,10000p,200000b,80000s
{/usr/local/texlive/2015/texmf-dist/fonts/enc/dvips/base/8r.enc}</usr/local/t
exlive/2015/texmf-dist/fonts/type1/public/amsfonts/cm/cmbx10.pfb></usr/local/te
xlive/2015/texmf-dist/fonts/type1/public/amsfonts/cm/cmex10.pfb></usr/local/tex
live/2015/texmf-dist/fonts/type1/public/amsfonts/cm/cmmi10.pfb></usr/local/texl
ive/2015/texmf-dist/fonts/type1/public/amsfonts/cm/cmmi5.pfb></usr/local/texliv
e/2015/texmf-dist/fonts/type1/public/amsfonts/cm/cmmi7.pfb></usr/local/texlive/
2015/texmf-dist/fonts/type1/public/amsfonts/cm/cmmib10.pfb></usr/local/texlive/
2015/texmf-dist/fonts/type1/public/amsfonts/cmextra/cmmib7.pfb></usr/local/texl
ive/2015/texmf-dist/fonts/type1/public/amsfonts/cm/cmr10.pfb></usr/local/texliv
e/2015/texmf-dist/fonts/type1/public/amsfonts/cm/cmr7.pfb></usr/local/texlive/2
015/texmf-dist/fonts/type1/public/amsfonts/cm/cmsy10.pfb></usr/local/texlive/20
15/texmf-dist/fonts/type1/public/amsfonts/cm/cmsy7.pfb></usr/local/texlive/2015
/texmf-dist/fonts/type1/public/amsfonts/cm/cmsy9.pfb></usr/local/texlive/2015/t
exmf-dist/fonts/type1/public/amsfonts/symbols/msbm10.pfb></usr/local/texlive/20
15/texmf-dist/fonts/type1/urw/courier/ucrr8a.pfb></usr/local/texlive/2015/texmf
-dist/fonts/type1/urw/palatino/uplb8a.pfb></usr/local/texlive/2015/texmf-dist/f
onts/type1/urw/palatino/uplbi8a.pfb></usr/local/texlive/2015/texmf-dist/fonts/t
ype1/urw/palatino/uplr8a.pfb></usr/local/texlive/2015/texmf-dist/fonts/type1/ur
w/palatino/uplr8a.pfb></usr/local/texlive/2015/texmf-dist/fonts/type1/urw/palat
ino/uplri8a.pfb>
Output written on gpopsManual.pdf (59 pages, 682190 bytes).
PDF statistics:
 880 PDF objects out of 1000 (max. 8388607)
 756 compressed objects within 8 object streams
 215 named destinations out of 1000 (max. 500000)
 323 words of extra memory for PDF output out of 10000 (max. 10000000)

