      Timing level               3
1
 
 Parameters
 ==========

 Files
 -----
 Solution file..........         0       Old basis file ........         0       Standard input.........         5
 Insert file............         0       New basis file ........         0       (Printer)..............         9
 Punch file.............         0       Backup basis file......         0       (Specs file)...........         0
 Load file..............         0       Dump file..............         0       Standard output........         6

 Frequencies
 -----------
 Print frequency........       100       Check frequency........        60       Save new basis map.....       100
 Summary frequency......       100       Factorization frequency        50       Expand frequency.......     10000

 QP subproblems
 --------------
 QPsolver Cholesky......
 Scale tolerance........     0.900       Minor feasibility tol..  1.00E-06       Iteration limit........     10000
 Scale option...........         0       Minor optimality  tol..  1.00E-06       Minor print level......         1
 Crash tolerance........     0.100       Pivot tolerance........  3.25E-11       Partial price..........         1
 Crash option...........         3       Elastic weight.........  1.00E+04       Prtl price section ( A)         3
                                         New superbasics........        99       Prtl price section (-I)         2

 The SQP Method
 --------------
 Minimize...............                 Cold start.............                 Proximal Point method..         1
 Nonlinear objectiv vars         3       Objective Row..........         1       Function precision.....  3.00E-13
 Unbounded step size....  1.00E+20       Superbasics limit......         3       Difference interval....  5.48E-07
 Unbounded objective....  1.00E+15       Reduced Hessian dim....         3       Central difference int.  6.70E-05
 Major step limit.......  2.00E+00       Nonderiv.  linesearch..                 Derivative option......         0
 Major iterations limit.      1000       Linesearch tolerance...   0.90000       Verify level...........         0
 Minor iterations limit.       500       Penalty parameter......  0.00E+00       Major Print Level......         1
                                         Major optimality tol...  2.00E-06

 Hessian Approximation
 ---------------------
 Full-Memory Hessian....                 Hessian updates........  99999999       Hessian frequency......  99999999
                                                                                 Hessian flush..........  99999999

 Nonlinear constraints
 ---------------------
 Nonlinear constraints..         1       Major feasibility tol..  1.00E-06       Violation limit........  1.00E+06
 Nonlinear Jacobian vars         3

 Miscellaneous
 -------------
 LU factor tolerance....      3.99       LU singularity tol.....  3.25E-11       Timing level...........         3
 LU update tolerance....      3.99       LU swap tolerance......  1.22E-04       Debug level............         0
 LU partial  pivoting...                 eps (machine precision)  2.22E-16       System information.....        No
                                                                                 Sticky parameters......       Yes
1
 

 

 Matrix statistics
 -----------------
               Total      Normal        Free       Fixed     Bounded
 Rows              2           0           1           1           0
 Columns           3           0           0           0           3

 No. of matrix elements                    3     Density      50.000
 Biggest  constant element        0.0000E+00  (excluding fixed columns,
 Smallest constant element        0.0000E+00   free rows, and RHS)

 No. of objective coefficients             0

 Nonlinear constraints       1     Linear constraints       1
 Nonlinear variables         3     Linear variables         0
 Jacobian  variables         3     Objective variables      3
 Total constraints           2     Total variables          3
1
 

 
 The user has defined       0   out of       6   first  derivatives
1
 
 

   Itns Major Minors    Step   nCon Feasible  Optimal  MeritFunction     L+U BSwap     nS  condHz Penalty
      1     0      1              1 (7.5E-07) 3.8E-06  4.8666155E+07       2            1 2.5E+03         _  r   c
 

   Itns Major Minors    Step   nCon Feasible  Optimal  MeritFunction     L+U BSwap     nS  condHz Penalty
      3     0      3              1 (7.5E-07) 4.2E-06  4.8666155E+07       2            2 2.5E+01         _  r   c
      5     1      2 1.0E+00      2  3.1E-06  4.9E-04  4.8666154E+07       2            1 1.3E+02         _n r   c
      6     2      1 1.0E+00      4  7.8E-03  4.1E-02  4.8665509E+07       2                              _n r   c
      8     3      2 1.0E+00      6  4.9E-01  2.4E-01  4.8560148E+07       2                              _sm    c
      9     4      1 1.0E+00      8  4.6E-01  9.5E+00  4.8582347E+07       2                      6.2E+04 _ m    c
      9     5      0 1.0E+00      9  5.8E-01  8.0E-05  4.8468360E+07       2                      2.5E+02 _ m    c
     11     6      2 1.0E+00     10  4.8E-01  1.9E+00  4.8446696E+07       2                      2.2E+01 _ m    c
     11     7      0 1.2E-04     12  4.8E-01  1.9E+00  4.8462945E+07       2                      2.5E+04 _n     c
     11     8      0 1.2E-04     13  4.8E-01  1.9E+00  4.8462945E+07       2                      2.5E+04 _n R   c
     11     9      0 1.2E-04     14  4.8E-01  1.9E+00  4.8462945E+07       2                      2.5E+04 _n R   c
     11    10      0 1.2E-04     15  4.8E-01  1.9E+00  4.8462001E+07       2                      2.5E+04 _n r   c
     12    11      1 4.9E-01     16  3.6E-01  4.1E-01  4.8462714E+07       2            1 1.1E+04 1.5E+03 _s     c
     13    12      1 5.4E-02     17  3.4E-01  3.4E-01  4.8468986E+07       2            1 1.6E+04 2.0E+04 _      c
     14    13      1 8.3E-02     18  3.2E-01  2.6E-01  4.8469868E+07       2            1 2.1E+04 2.3E+04 _      c
     15    14      1 1.2E-01     19  2.9E-01  2.1E-01  4.8470643E+07       2            1 2.4E+04 2.6E+04 _      c
     16    15      1 1.5E-01     20  2.5E-01  2.0E-01  4.8471448E+07       2            1 2.3E+04 3.0E+04 _      c
     17    16      1 2.0E-01     21  2.1E-01  2.3E-01  4.8472334E+07       2            1 2.5E+04 3.7E+04 _      c
     18    17      1 2.2E-01     22  1.7E-01  2.2E-01  4.8473167E+07       2            1 2.4E+04 4.6E+04 _      c
     19    18      1 1.7E-01     23  1.5E-01  1.5E-01  4.8473936E+07       2            1 7.8E+04 5.9E+04 _      c
     20    19      1 1.2E-01     24  1.3E-01  2.1E-01  4.8473902E+07       2            1 1.0E+05 5.9E+04 _      c

   Itns Major Minors    Step   nCon Feasible  Optimal  MeritFunction     L+U BSwap     nS  condHz Penalty
     21    20      1 2.7E-01     25  1.0E-01  2.1E-01  4.8474690E+07       2            1 1.2E+05 8.5E+04 _      c
     22    21      1 3.2E-01     26  7.4E-02  1.8E-01  4.8475410E+07       2            1 1.2E+05 1.3E+05 _      c
     24    22      2 3.4E-01     27  5.3E-02  1.5E-01  4.8476028E+07       2            2 4.2E+00 2.0E+05 _      c
     25    23      1 3.5E-01     28  3.6E-02  5.1E-02  4.8476463E+07       2     1      2 2.0E+00 3.2E+05 _      c
     26    24      1 2.8E-01     29  2.6E-02  3.8E-02  4.8476499E+07       2            2 1.3E+00 3.4E+05 _      c
     27    25      1 3.8E-01     30  1.7E-02  1.8E-02  4.8476517E+07       2            2 1.1E+00 3.6E+05 _      c
     28    26      1 1.0E+00     31  1.7E-04  4.7E-03  4.8476527E+07       2            2 1.7E+00 3.9E+05 _      c
     29    27      1 4.6E-01     32  9.2E-05  1.9E-03  4.8476527E+07       2            2 2.0E+00 1.2E+03 _      c
     30    28      1 4.2E-01     33  5.4E-05  2.1E-04  4.8476527E+07       2            2 1.0E+00 1.0E+02 _      c
     31    29      1 1.0E+00     34 (1.3E-08) 4.9E-06  4.8476527E+07       2            2 1.0E+00 1.6E+06 _      c
     32    30      1 1.0E+00     35 (4.3E-12)(2.6E-07) 4.8476527E+07       2            2 1.0E+00 5.1E+03 _      c
1
 
 SNOPTA EXIT   0 -- finished successfully
 SNOPTA INFO   1 -- optimality conditions satisfied

 Problem name
 No. of iterations                  32   Objective value      4.8476527110E+07
 No. of major iterations            30   Linear objective     0.0000000000E+00
 Penalty parameter           5.101E+03   Nonlinear objective  4.8476527110E+07
 No. of calls to funobj            316   No. of calls to funcon            316
 Calls with modes 1,2 (known g)     35   Calls with modes 1,2 (known g)     35
 Calls for forward differencing      3   Calls for forward differencing      3
 Calls for central differencing    210   Calls for central differencing    210
 No. of superbasics                  2   No. of basic nonlinears             1
 No. of degenerate steps             0   Percentage                       0.00
 Max x                       2 9.7E-01   Max pi                      1 4.7E+04
 Max Primal infeas           0 0.0E+00   Max Dual infeas             1 1.5E-02
 Nonlinear constraint violn    7.5E-12
1
 
 Name                                    Objective Value      4.8476527110E+07

 Status         Optimal Soln             Iteration     32    Superbasics     2

 Objective               (Min)
 RHS
 Ranges
 Bounds

 Section 1 - Rows

  Number  ...Row.. State  ...Activity...  Slack Activity  ..Lower Limit.  ..Upper Limit.  .Dual Activity    ..i
 
       4  r      1    BS          .               .                None            None         -1.0          1
       5  r      2    EQ         1.00000         0.00000         1.0             1.0        -47406.90448      2
1
 
 Section 2 - Columns

  Number  .Column. State  ...Activity...  .Obj Gradient.  ..Lower Limit.  ..Upper Limit.  Reduced Gradnt    m+j
 
       1  x      1   SBS        -0.19787     18760.39179        -1.0             1.0             0.01521      3
       2  x      2    BS        -0.97455     92400.44300        -1.0             1.0            -0.00153      4
       3  x      3   SBS        -0.10540      9993.21112        -1.0             1.0            -0.01113      5
 
 Time for MPS input                             0.00 seconds
 Time for solving problem                       0.21 seconds
 Time for solution output                       0.00 seconds
 Time for constraint functions                  0.21 seconds
 Time for objective function                    0.00 seconds
