      Timing level               3
1
 
 Parameters
 ==========

 Files
 -----
 Solution file..........         0       Old basis file ........         0       Standard input.........         5
 Insert file............         0       New basis file ........         0       (Printer)..............         9
 Punch file.............         0       Backup basis file......         0       (Specs file)...........         0
 Load file..............         0       Dump file..............         0       Standard output........         6

 Frequencies
 -----------
 Print frequency........       100       Check frequency........        60       Save new basis map.....       100
 Summary frequency......       100       Factorization frequency        50       Expand frequency.......     10000

 QP subproblems
 --------------
 QPsolver Cholesky......
 Scale tolerance........     0.900       Minor feasibility tol..  1.00E-06       Iteration limit........     10000
 Scale option...........         0       Minor optimality  tol..  1.00E-06       Minor print level......         1
 Crash tolerance........     0.100       Pivot tolerance........  3.25E-11       Partial price..........         1
 Crash option...........         3       Elastic weight.........  1.00E+04       Prtl price section ( A)         3
                                         New superbasics........        99       Prtl price section (-I)         2

 The SQP Method
 --------------
 Minimize...............                 Cold start.............                 Proximal Point method..         1
 Nonlinear objectiv vars         3       Objective Row..........         1       Function precision.....  3.00E-13
 Unbounded step size....  1.00E+20       Superbasics limit......         3       Difference interval....  5.48E-07
 Unbounded objective....  1.00E+15       Reduced Hessian dim....         3       Central difference int.  6.70E-05
 Major step limit.......  2.00E+00       Nonderiv.  linesearch..                 Derivative option......         0
 Major iterations limit.      1000       Linesearch tolerance...   0.90000       Verify level...........         0
 Minor iterations limit.       500       Penalty parameter......  0.00E+00       Major Print Level......         1
                                         Major optimality tol...  2.00E-06

 Hessian Approximation
 ---------------------
 Full-Memory Hessian....                 Hessian updates........  99999999       Hessian frequency......  99999999
                                                                                 Hessian flush..........  99999999

 Nonlinear constraints
 ---------------------
 Nonlinear constraints..         1       Major feasibility tol..  1.00E-06       Violation limit........  1.00E+06
 Nonlinear Jacobian vars         3

 Miscellaneous
 -------------
 LU factor tolerance....      3.99       LU singularity tol.....  3.25E-11       Timing level...........         3
 LU update tolerance....      3.99       LU swap tolerance......  1.22E-04       Debug level............         0
 LU partial  pivoting...                 eps (machine precision)  2.22E-16       System information.....        No
                                                                                 Sticky parameters......       Yes
1
 

 

 Matrix statistics
 -----------------
               Total      Normal        Free       Fixed     Bounded
 Rows              2           0           1           1           0
 Columns           3           0           0           0           3

 No. of matrix elements                    3     Density      50.000
 Biggest  constant element        0.0000E+00  (excluding fixed columns,
 Smallest constant element        0.0000E+00   free rows, and RHS)

 No. of objective coefficients             0

 Nonlinear constraints       1     Linear constraints       1
 Nonlinear variables         3     Linear variables         0
 Jacobian  variables         3     Objective variables      3
 Total constraints           2     Total variables          3
1
 

 
 The user has defined       0   out of       6   first  derivatives
1
 
 

   Itns Major Minors    Step   nCon Feasible  Optimal  MeritFunction     L+U BSwap     nS  condHz Penalty
      0     0      0              1  6.9E-06 (5.0E-07)-3.7371461E+06       2                              _  r   c
 

   Itns Major Minors    Step   nCon Feasible  Optimal  MeritFunction     L+U BSwap     nS  condHz Penalty
      1     0      1              1  6.9E-06 (1.2E-06)-3.7371461E+06       2            1 2.0E+02         _  r   c
      3     1      2 1.0E+00      2  2.0E-06  1.7E-03 -3.7371449E+06       2                      1.8E+10 _n r   c
      4     2      1 9.5E-01      4  4.2E-01  2.0E+00 -3.7917404E+06       2                      1.3E+05 _n r   c
      4     3      0 1.0E+00      5  5.1E-01  8.0E-05 -4.0724781E+06       2                      5.2E+02 _sm    c
      5     4      1 1.0E+00      6  5.9E-01  1.4E+00 -4.4026101E+06       2                      3.2E+01 _n     c
      6     5      1 9.0E-01      8  4.4E-01  1.3E+00 -4.2753499E+06       2                      1.2E+05 _ m    c
      6     6      0 1.2E-05      9  4.4E-01  1.3E+00 -4.2624329E+06       2                      1.5E+05 _n     c
      6     7      0 1.2E-05     10  4.4E-01  1.3E+00 -4.2624320E+06       2                      1.5E+05 _n R   c
      6     8      0 1.3E-05     11  4.4E-01  1.3E+00 -4.2624311E+06       2                      1.5E+05 _n R   c
      6     9      0 1.3E-05     12  4.4E-01  1.3E+00 -4.2797196E+06       2                      1.5E+05 _n r   c
      7    10      1 1.1E-01     13  4.1E-01  1.0E+00 -4.2624242E+06       2            1 3.5E+04 3.7E+04 _s     c
      8    11      1 4.8E-02     14  3.9E-01  8.8E-01 -4.2512694E+06       2            1 3.5E+04 6.7E+04 _      c
      9    12      1 6.3E-02     15  3.7E-01  6.9E-01 -4.2467302E+06       2            1 3.5E+04 8.2E+04 _      c
     10    13      1 7.6E-02     16  3.4E-01  4.9E-01 -4.2412172E+06       2            1 3.5E+04 1.0E+05 _      c
     12    14      2 8.6E-02     17  3.1E-01  3.1E-01 -4.2350055E+06       2            2 1.6E+00 1.3E+05 _      c
     13    15      1 9.4E-02     18  2.8E-01  1.9E-01 -4.2285618E+06       2            2 1.3E+00 1.6E+05 _      c
     14    16      1 7.0E-02     19  2.7E-01  1.3E-01 -4.2253569E+06       2            2 1.9E+00 1.8E+05 _      c
     15    17      1 9.0E-02     20  2.4E-01  1.1E-01 -4.2241576E+06       2            2 1.8E+00 1.9E+05 _      c
     16    18      1 1.7E-01     21  2.0E-01  1.3E-01 -4.2217191E+06       2            2 2.5E+00 2.1E+05 _      c
     17    19      1 2.7E-01     22  1.5E-01  1.4E-01 -4.2195715E+06       2            2 4.0E+00 2.3E+05 _      c

   Itns Major Minors    Step   nCon Feasible  Optimal  MeritFunction     L+U BSwap     nS  condHz Penalty
     18    20      1 3.4E-01     23  1.0E-01  4.6E-02 -4.2182371E+06       2            2 2.1E+00 2.6E+05 _      c
     19    21      1 1.7E-01     24  8.7E-02  7.9E-02 -4.2182849E+06       2            2 1.2E+00 2.6E+05 _      c
     20    22      1 3.5E-01     25  5.8E-02  5.6E-02 -4.2178872E+06       2            2 1.0E+00 2.9E+05 _      c
     21    23      1 3.1E-01     26  4.1E-02  4.6E-02 -4.2177977E+06       2            2 1.6E+00 3.1E+05 _      c
     22    24      1 1.0E+00     27  8.8E-04  1.2E-02 -4.2177075E+06       2            2 1.8E+00 3.4E+05 _      c
     23    25      1 1.0E+00     28  7.3E-05  4.0E-03 -4.2177150E+06       2            2 2.4E+00 1.2E+03 _      c
     24    26      1 1.0E+00     29  4.2E-06  1.8E-04 -4.2177159E+06       2            2 2.3E+00 9.6E+01 _      c
     25    27      1 1.0E+00     30 (2.2E-08) 1.0E-04 -4.2177159E+06       2            2 1.7E+00 2.8E+01 _      c
     26    28      1 1.0E+00     31 (1.6E-09)(1.2E-07)-4.2177159E+06       2            2 1.7E+00 2.8E+01 _      c
1
 
 SNOPTA EXIT   0 -- finished successfully
 SNOPTA INFO   1 -- optimality conditions satisfied

 Problem name
 No. of iterations                  26   Objective value     -4.2177159473E+06
 No. of major iterations            28   Linear objective     0.0000000000E+00
 Penalty parameter           2.777E+01   Nonlinear objective -4.2177159473E+06
 No. of calls to funobj            290   No. of calls to funcon            290
 Calls with modes 1,2 (known g)     31   Calls with modes 1,2 (known g)     31
 Calls for forward differencing      3   Calls for forward differencing      3
 Calls for central differencing    186   Calls for central differencing    186
 No. of superbasics                  2   No. of basic nonlinears             1
 No. of degenerate steps             0   Percentage                       0.00
 Max x                       2 6.7E-01   Max pi                      1 1.2E+05
 Max Primal infeas           0 0.0E+00   Max Dual infeas             1 1.4E-02
 Nonlinear constraint violn    3.1E-09
1
 
 Name                                    Objective Value     -4.2177159473E+06

 Status         Optimal Soln             Iteration     26    Superbasics     2

 Objective               (Min)
 RHS
 Ranges
 Bounds

 Section 1 - Rows

  Number  ...Row.. State  ...Activity...  Slack Activity  ..Lower Limit.  ..Upper Limit.  .Dual Activity    ..i
 
       4  r      1    BS          .               .                None            None         -1.0          1
       5  r      2    EQ         1.00000         0.00000         1.0             1.0       -120142.85670      2
1
 
 Section 2 - Columns

  Number  .Column. State  ...Activity...  .Obj Gradient.  ..Lower Limit.  ..Upper Limit.  Reduced Gradnt    m+j
 
       1  x      1   SBS         0.65388   -157117.74045        -1.0             1.0             0.01382      3
       2  x      2    BS        -0.66756    160404.93636        -1.0             1.0             0.01296      4
       3  x      3   SBS         0.35610    -85565.74126        -1.0             1.0             0.00003      5
 
 Time for MPS input                             0.00 seconds
 Time for solving problem                       0.16 seconds
 Time for solution output                       0.00 seconds
 Time for constraint functions                  0.16 seconds
 Time for objective function                    0.00 seconds
