      Timing level               3
1
 
 Parameters
 ==========

 Files
 -----
 Solution file..........         0       Old basis file ........         0       Standard input.........         5
 Insert file............         0       New basis file ........         0       (Printer)..............         9
 Punch file.............         0       Backup basis file......         0       (Specs file)...........         0
 Load file..............         0       Dump file..............         0       Standard output........         6

 Frequencies
 -----------
 Print frequency........       100       Check frequency........        60       Save new basis map.....       100
 Summary frequency......       100       Factorization frequency        50       Expand frequency.......     10000

 QP subproblems
 --------------
 QPsolver Cholesky......
 Scale tolerance........     0.900       Minor feasibility tol..  1.00E-06       Iteration limit........     10000
 Scale option...........         0       Minor optimality  tol..  1.00E-06       Minor print level......         1
 Crash tolerance........     0.100       Pivot tolerance........  3.25E-11       Partial price..........         1
 Crash option...........         3       Elastic weight.........  1.00E+00       Prtl price section ( A)         1
                                         New superbasics........        99       Prtl price section (-I)         1

 The SQP Method
 --------------
 Minimize...............                 Cold start.............                 Proximal Point method..         1
 Nonlinear objectiv vars         1       Objective Row..........         1       Function precision.....  3.00E-13
 Unbounded step size....  1.00E+20       Superbasics limit......         1       Difference interval....  5.48E-07
 Unbounded objective....  1.00E+15       Reduced Hessian dim....         1       Central difference int.  6.70E-05
 Major step limit.......  2.00E+00       Nonderiv.  linesearch..                 Derivative option......         0
 Major iterations limit.      1000       Linesearch tolerance...   0.90000       Verify level...........         0
 Minor iterations limit.       500       Penalty parameter......  0.00E+00       Major Print Level......         1
                                         Major optimality tol...  2.00E-06

 Hessian Approximation
 ---------------------
 Full-Memory Hessian....                 Hessian updates........  99999999       Hessian frequency......  99999999
                                                                                 Hessian flush..........  99999999

 Miscellaneous
 -------------
 LU factor tolerance....      3.99       LU singularity tol.....  3.25E-11       Timing level...........         3
 LU update tolerance....      3.99       LU swap tolerance......  1.22E-04       Debug level............         0
 LU partial  pivoting...                 eps (machine precision)  2.22E-16       System information.....        No
                                                                                 Sticky parameters......       Yes
1
 

 

 Matrix statistics
 -----------------
               Total      Normal        Free       Fixed     Bounded
 Rows              1           0           1           0           0
 Columns           1           0           0           0           1

 No. of matrix elements                    1     Density     100.000
 Biggest                          0.0000E+00  (excluding fixed columns,
 Smallest                         0.0000E+00   free rows, and RHS)

 No. of objective coefficients             0

 Nonlinear constraints       0     Linear constraints       1
 Nonlinear variables         1     Linear variables         0
 Jacobian  variables         0     Objective variables      1
 Total constraints           1     Total variables          1
1
 

 
 The user has defined       0   out of       1   first  derivatives
1
 
 

   Itns Major Minors    Step   nObj Feasible  Optimal      Objective     L+U BSwap     nS  condHz
      1     0      1              1           4.9E+04 -3.3128268E+06       1                      _  r
      2     1      1 9.0E-02      2           4.8E+03 -3.3573764E+06       1                      _n rl
      3     2      1 8.9E-03      3           4.7E-01 -3.3577977E+06       1            1 1.1E+05 _s     c
      4     2      2 8.9E-03      3           4.9E-01 -3.3577977E+06       1            1 1.1E+05 _s     c
      5     3      1 1.0E+00      4           4.5E-06 -3.3577977E+06       1            1 1.1E+05 _      c
      6     4      1 1.0E+00      5           3.0E-06 -3.3577977E+06       1            1 3.6E+04 _      c
1
 
 SNOPTA EXIT   0 -- finished successfully
 SNOPTA INFO   3 -- requested accuracy could not be achieved

 Problem name
 No. of iterations                   6   Objective value     -3.3577977020E+06
 No. of major iterations             4   Linear objective     0.0000000000E+00
 Penalty parameter           0.000E+00   Nonlinear objective -3.3577977020E+06
 No. of calls to funobj             23   No. of calls to funcon             23
 Calls with modes 1,2 (known g)      5   Calls with modes 1,2 (known g)      5
 Calls for forward differencing      3   Calls for forward differencing      3
 Calls for central differencing      6   Calls for central differencing      6
 No. of superbasics                  1   No. of basic nonlinears             0
 No. of degenerate steps             0   Percentage                       0.00
 Max x                       1 1.5E-01   Max pi                      1 1.0E+00
 Max Primal infeas           0 0.0E+00   Max Dual infeas             1 6.0E-06
1
 
 Name                                    Objective Value     -3.3577977020E+06

 Status         Optimal Soln             Iteration      6    Superbasics     1

 Objective               (Min)
 RHS
 Ranges
 Bounds

 Section 1 - Rows

  Number  ...Row.. State  ...Activity...  Slack Activity  ..Lower Limit.  ..Upper Limit.  .Dual Activity    ..i
 
       2  r      1    BS          .               .                None            None         -1.0          1
1
 
 Section 2 - Columns

  Number  .Column. State  ...Activity...  .Obj Gradient.  ..Lower Limit.  ..Upper Limit.  Reduced Gradnt    m+j
 
       1  x      1 N SBS         0.15278         0.00001       -10.00000        10.00000         0.00001      2
 
 Time for MPS input                             0.00 seconds
 Time for solving problem                       0.04 seconds
 Time for solution output                       0.00 seconds
 Time for constraint functions                  0.15 seconds
 Time for objective function                    0.00 seconds
