      Timing level               3
1
 
 Parameters
 ==========

 Files
 -----
 Solution file..........         0       Old basis file ........         0       Standard input.........         5
 Insert file............         0       New basis file ........         0       (Printer)..............         9
 Punch file.............         0       Backup basis file......         0       (Specs file)...........         0
 Load file..............         0       Dump file..............         0       Standard output........         6

 Frequencies
 -----------
 Print frequency........       100       Check frequency........        60       Save new basis map.....       100
 Summary frequency......       100       Factorization frequency        50       Expand frequency.......     10000

 QP subproblems
 --------------
 QPsolver Cholesky......
 Scale tolerance........     0.900       Minor feasibility tol..  1.00E-06       Iteration limit........     10000
 Scale option...........         0       Minor optimality  tol..  1.00E-06       Minor print level......         1
 Crash tolerance........     0.100       Pivot tolerance........  3.25E-11       Partial price..........         1
 Crash option...........         3       Elastic weight.........  1.00E+04       Prtl price section ( A)         3
                                         New superbasics........        99       Prtl price section (-I)         2

 The SQP Method
 --------------
 Minimize...............                 Cold start.............                 Proximal Point method..         1
 Nonlinear objectiv vars         3       Objective Row..........         1       Function precision.....  3.00E-13
 Unbounded step size....  1.00E+20       Superbasics limit......         3       Difference interval....  5.48E-07
 Unbounded objective....  1.00E+15       Reduced Hessian dim....         3       Central difference int.  6.70E-05
 Major step limit.......  2.00E+00       Nonderiv.  linesearch..                 Derivative option......         0
 Major iterations limit.      1000       Linesearch tolerance...   0.90000       Verify level...........         0
 Minor iterations limit.       500       Penalty parameter......  0.00E+00       Major Print Level......         1
                                         Major optimality tol...  2.00E-06

 Hessian Approximation
 ---------------------
 Full-Memory Hessian....                 Hessian updates........  99999999       Hessian frequency......  99999999
                                                                                 Hessian flush..........  99999999

 Nonlinear constraints
 ---------------------
 Nonlinear constraints..         1       Major feasibility tol..  1.00E-06       Violation limit........  1.00E+06
 Nonlinear Jacobian vars         3

 Miscellaneous
 -------------
 LU factor tolerance....      3.99       LU singularity tol.....  3.25E-11       Timing level...........         3
 LU update tolerance....      3.99       LU swap tolerance......  1.22E-04       Debug level............         0
 LU partial  pivoting...                 eps (machine precision)  2.22E-16       System information.....        No
                                                                                 Sticky parameters......       Yes
1
 

 

 Matrix statistics
 -----------------
               Total      Normal        Free       Fixed     Bounded
 Rows              2           0           1           1           0
 Columns           3           0           0           0           3

 No. of matrix elements                    3     Density      50.000
 Biggest  constant element        0.0000E+00  (excluding fixed columns,
 Smallest constant element        0.0000E+00   free rows, and RHS)

 No. of objective coefficients             0

 Nonlinear constraints       1     Linear constraints       1
 Nonlinear variables         3     Linear variables         0
 Jacobian  variables         3     Objective variables      3
 Total constraints           2     Total variables          3
1
 

 
 The user has defined       0   out of       6   first  derivatives
1
 
 

   Itns Major Minors    Step   nCon Feasible  Optimal  MeritFunction     L+U BSwap     nS  condHz Penalty
      2     0      2              1  2.4E-03  1.8E-02  4.8997267E+07       2                              _  r   c
 

   Itns Major Minors    Step   nCon Feasible  Optimal  MeritFunction     L+U BSwap     nS  condHz Penalty
      2     0      2              1  2.4E-03  1.8E-02  4.8997267E+07       2                              _  r   c
      2     1      0 8.9E-01      2  4.8E-01  1.6E-01  4.8946366E+07       2                              _n rl  c
      5     2      3 1.0E+00      3  4.7E-01  7.2E+00  4.8833181E+07       2                              _sm    c
      6     3      1 9.3E-01      5  4.3E-01  3.2E+00  4.8837118E+07       2                      4.2E+04 _ m    c
      6     4      0 1.0E+00      6  6.4E-01  1.6E-03  4.8790921E+07       2                      2.0E+02 _ m    c
      8     5      2 1.0E+00      7  4.6E-01  5.8E-01  4.8782746E+07       2                      2.0E+01 _ m    c
      8     6      0 1.1E-05      9  4.6E-01  5.7E-01  4.8795966E+07       2                      2.5E+04 _n     c
      8     7      0 1.1E-05     10  4.6E-01  5.7E-01  4.8795966E+07       2                      2.5E+04 _n R   c
      8     8      0 1.1E-05     11  4.6E-01  5.7E-01  4.8795966E+07       2                      2.5E+04 _n R   c
      8     9      0 1.1E-05     12  4.6E-01  5.7E-01  4.8788940E+07       2                      2.5E+04 _n r   c
      8    10      0 1.7E-03     13  4.6E-01  5.7E-01  4.8796011E+07       2                      1.3E+04 _s     c
      8    11      0 1.3E-03     14  4.6E-01  5.7E-01  4.8796011E+07       2                      1.3E+04 _      c
      8    12      0 9.8E-04     15  4.6E-01  5.6E-01  4.8796024E+07       2                      1.3E+04 _      c
      8    13      0 1.3E-03     16  4.5E-01  5.6E-01  4.8796043E+07       2                      1.3E+04 _      c
      8    14      0 1.7E-03     17  4.5E-01  5.5E-01  4.8796069E+07       2                      1.3E+04 _      c
      8    15      0 2.3E-03     18  4.5E-01  5.5E-01  4.8796102E+07       2                      1.3E+04 _      c
      8    16      0 3.0E-03     19  4.5E-01  5.4E-01  4.8796146E+07       2                      1.4E+04 _      c
      8    17      0 3.9E-03     20  4.5E-01  5.3E-01  4.8796205E+07       2                      1.4E+04 _      c
      8    18      0 5.1E-03     21  4.5E-01  5.1E-01  4.8796281E+07       2                      1.4E+04 _      c
      8    19      0 6.6E-03     22  4.4E-01  4.9E-01  4.8796381E+07       2                      1.4E+04 _      c

   Itns Major Minors    Step   nCon Feasible  Optimal  MeritFunction     L+U BSwap     nS  condHz Penalty
      8    20      0 8.6E-03     23  4.4E-01  4.7E-01  4.8796512E+07       2                      1.4E+04 _      c
      8    21      0 1.1E-02     24  4.4E-01  4.4E-01  4.8796681E+07       2                      1.5E+04 _      c
      8    22      0 1.4E-02     25  4.3E-01  4.0E-01  4.8796899E+07       2                      1.5E+04 _      c
      8    23      0 1.7E-02     26  4.2E-01  3.5E-01  4.8797177E+07       2                      1.6E+04 _      c
      8    24      0 2.2E-02     27  4.1E-01  3.0E-01  4.8797528E+07       2                      1.6E+04 _      c
      8    25      0 2.6E-02     28  4.0E-01  2.4E-01  4.8797968E+07       2                      1.7E+04 _      c
      8    26      0 3.1E-02     29  3.9E-01  1.9E-01  4.8798510E+07       2                      1.9E+04 _      c
      9    27      1 3.6E-02     30  3.8E-01  1.8E-01  4.8799172E+07       2            1 3.5E+03 2.1E+04 _      c
     10    28      1 5.0E-02     31  3.6E-01  1.5E-01  4.8799802E+07       2            1 4.0E+03 2.2E+04 _      c
     11    29      1 6.6E-02     32  3.4E-01  2.0E-01  4.8800303E+07       2            1 2.3E+03 2.4E+04 _      c
     12    30      1 9.6E-02     33  3.1E-01  2.4E-01  4.8800999E+07       2            1 1.1E+03 2.6E+04 _      c
     13    31      1 1.3E-01     34  2.8E-01  1.5E-01  4.8801739E+07       2            1 1.4E+03 3.0E+04 _      c
     14    32      1 1.3E-02     35  2.7E-01  4.6E-02  4.8802045E+07       2            1 9.2E+03 3.1E+04 _      c
     15    33      1 1.4E-01     36  2.4E-01  1.3E-01  4.8801944E+07       2            1 1.4E+04 3.1E+04 _      c
     16    34      1 1.0E-01     37  2.2E-01  2.3E-01  4.8802699E+07       2            1 1.7E+04 3.7E+04 _      c
     17    35      1 2.0E-01     38  1.8E-01  2.3E-01  4.8803588E+07       2            1 1.8E+04 4.6E+04 _      c
     18    36      1 2.5E-01     39  1.4E-01  2.3E-01  4.8804418E+07       2            1 1.8E+04 5.9E+04 _      c
     19    37      1 2.8E-01     40  1.1E-01  2.0E-01  4.8805201E+07       2            1 1.9E+04 8.1E+04 _      c
     20    38      1 2.9E-01     41  8.3E-02  1.8E-01  4.8805902E+07       2            1 2.2E+04 1.2E+05 _      c
     21    39      1 1.9E-01     42  6.9E-02  1.3E-01  4.8806323E+07       2            1 4.4E+04 1.6E+05 _      c

   Itns Major Minors    Step   nCon Feasible  Optimal  MeritFunction     L+U BSwap     nS  condHz Penalty
     22    40      1 2.2E-01     43  5.6E-02  1.6E-01  4.8806558E+07       2            1 5.4E+04 1.9E+05 _      c
     24    41      2 3.2E-01     44  4.0E-02  6.2E-02  4.8807063E+07       2            2 1.5E+01 3.1E+05 _      c
     25    42      1 4.0E-01     45  2.5E-02  3.5E-02  4.8807153E+07       2     1      2 1.1E+00 3.5E+05 _      c
     26    43      1 1.0E+00     46  4.7E-04  9.7E-03  4.8807185E+07       2            2 1.1E+00 3.8E+05 _      c
     27    44      1 1.0E+00     47  5.8E-05  7.6E-03  4.8807184E+07       2            2 1.4E+00 1.2E+03 _      c
     28    45      1 1.0E+00     48  1.3E-05  2.6E-03  4.8807184E+07       2            2 2.2E+00 9.9E+01 _      c
     29    46      1 4.6E-01     49  7.6E-06  5.4E-04  4.8807184E+07       2            2 1.1E+00 2.8E+01 _      c
     30    47      1 1.0E+00     50 (5.2E-08) 2.9E-05  4.8807184E+07       2            2 1.0E+00 2.8E+01 _      c
     31    48      1 1.0E+00     51 (1.6E-10)(2.1E-08) 4.8807184E+07       2            2 1.0E+00 2.8E+01 _      c
1
 
 SNOPTA EXIT   0 -- finished successfully
 SNOPTA INFO   1 -- optimality conditions satisfied

 Problem name
 No. of iterations                  31   Objective value      4.8807183579E+07
 No. of major iterations            48   Linear objective     0.0000000000E+00
 Penalty parameter           2.821E+01   Nonlinear objective  4.8807183579E+07
 No. of calls to funobj            461   No. of calls to funcon            461
 Calls with modes 1,2 (known g)     51   Calls with modes 1,2 (known g)     51
 Calls for forward differencing      3   Calls for forward differencing      3
 Calls for central differencing    306   Calls for central differencing    306
 No. of superbasics                  2   No. of basic nonlinears             1
 No. of degenerate steps             0   Percentage                       0.00
 Max x                       2 9.7E-01   Max pi                      1 4.8E+04
 Max Primal infeas           0 0.0E+00   Max Dual infeas             3 1.0E-03
 Nonlinear constraint violn    2.8E-10
1
 
 Name                                    Objective Value      4.8807183579E+07

 Status         Optimal Soln             Iteration     31    Superbasics     2

 Objective               (Min)
 RHS
 Ranges
 Bounds

 Section 1 - Rows

  Number  ...Row.. State  ...Activity...  Slack Activity  ..Lower Limit.  ..Upper Limit.  .Dual Activity    ..i
 
       4  r      1    BS          .               .                None            None         -1.0          1
       5  r      2    EQ         1.00000         0.00000         1.0             1.0        -47573.27164      2
1
 
 Section 2 - Columns

  Number  .Column. State  ...Activity...  .Obj Gradient.  ..Lower Limit.  ..Upper Limit.  Reduced Gradnt    m+j
 
       1  x      1   SBS        -0.19811     18849.79813        -1.0             1.0            -0.00001      3
       2  x      2    BS        -0.97448     92718.53442        -1.0             1.0             0.00011      4
       3  x      3   SBS        -0.10553     10041.07491        -1.0             1.0            -0.00102      5
 
 Time for MPS input                             0.00 seconds
 Time for solving problem                       0.25 seconds
 Time for solution output                       0.00 seconds
 Time for constraint functions                  0.25 seconds
 Time for objective function                    0.00 seconds
