      Timing level               3
1
 
 Parameters
 ==========

 Files
 -----
 Solution file..........         0       Old basis file ........         0       Standard input.........         5
 Insert file............         0       New basis file ........         0       (Printer)..............         9
 Punch file.............         0       Backup basis file......         0       (Specs file)...........         0
 Load file..............         0       Dump file..............         0       Standard output........         6

 Frequencies
 -----------
 Print frequency........       100       Check frequency........        60       Save new basis map.....       100
 Summary frequency......       100       Factorization frequency        50       Expand frequency.......     10000

 QP subproblems
 --------------
 QPsolver Cholesky......
 Scale tolerance........     0.900       Minor feasibility tol..  1.00E-06       Iteration limit........     10000
 Scale option...........         0       Minor optimality  tol..  1.00E-06       Minor print level......         1
 Crash tolerance........     0.100       Pivot tolerance........  3.25E-11       Partial price..........         1
 Crash option...........         3       Elastic weight.........  1.00E+04       Prtl price section ( A)         3
                                         New superbasics........        99       Prtl price section (-I)         2

 The SQP Method
 --------------
 Minimize...............                 Cold start.............                 Proximal Point method..         1
 Nonlinear objectiv vars         3       Objective Row..........         1       Function precision.....  3.00E-13
 Unbounded step size....  1.00E+20       Superbasics limit......         3       Difference interval....  5.48E-07
 Unbounded objective....  1.00E+15       Reduced Hessian dim....         3       Central difference int.  6.70E-05
 Major step limit.......  2.00E+00       Nonderiv.  linesearch..                 Derivative option......         0
 Major iterations limit.      1000       Linesearch tolerance...   0.90000       Verify level...........         0
 Minor iterations limit.       500       Penalty parameter......  0.00E+00       Major Print Level......         1
                                         Major optimality tol...  2.00E-06

 Hessian Approximation
 ---------------------
 Full-Memory Hessian....                 Hessian updates........  99999999       Hessian frequency......  99999999
                                                                                 Hessian flush..........  99999999

 Nonlinear constraints
 ---------------------
 Nonlinear constraints..         1       Major feasibility tol..  1.00E-06       Violation limit........  1.00E+06
 Nonlinear Jacobian vars         3

 Miscellaneous
 -------------
 LU factor tolerance....      3.99       LU singularity tol.....  3.25E-11       Timing level...........         3
 LU update tolerance....      3.99       LU swap tolerance......  1.22E-04       Debug level............         0
 LU partial  pivoting...                 eps (machine precision)  2.22E-16       System information.....        No
                                                                                 Sticky parameters......       Yes
1
 

 

 Matrix statistics
 -----------------
               Total      Normal        Free       Fixed     Bounded
 Rows              2           0           1           1           0
 Columns           3           0           0           0           3

 No. of matrix elements                    3     Density      50.000
 Biggest  constant element        0.0000E+00  (excluding fixed columns,
 Smallest constant element        0.0000E+00   free rows, and RHS)

 No. of objective coefficients             0

 Nonlinear constraints       1     Linear constraints       1
 Nonlinear variables         3     Linear variables         0
 Jacobian  variables         3     Objective variables      3
 Total constraints           2     Total variables          3
1
 

 
 The user has defined       0   out of       6   first  derivatives
1
 
 

   Itns Major Minors    Step   nCon Feasible  Optimal  MeritFunction     L+U BSwap     nS  condHz Penalty
      3     0      3              1  4.7E-02  7.1E-02  0.0000000E+00       2            1 5.1E+00         _  r
      5     1      2 7.9E-01      2  4.2E-02  1.3E+00 -2.1113175E+00       2            2 2.3E+00 1.4E+03 _n r
      6     2      1 1.0E+00      3  7.4E-04  1.1E-03  4.1584237E-03       2            2 2.3E+00 2.2E+03 _s
      7     3      1 1.0E+00      4 (2.4E-07)(2.3E-10) 4.8910219E-10       2            2 2.3E+00 4.7E+01 _s     c
      7     3      1 1.0E+00      4 (2.4E-07)(2.3E-10) 4.8910219E-10       2            2 2.3E+00 4.7E+01 _s     c
1
 
 SNOPTA EXIT   0 -- finished successfully
 SNOPTA INFO   1 -- optimality conditions satisfied

 Problem name
 No. of iterations                   7   Objective value      0.0000000000E+00
 No. of major iterations             3   Linear objective     0.0000000000E+00
 Penalty parameter           4.704E+01   Nonlinear objective  0.0000000000E+00
 No. of calls to funobj             35   No. of calls to funcon             35
 Calls with modes 1,2 (known g)      4   Calls with modes 1,2 (known g)      4
 Calls for forward differencing     12   Calls for forward differencing     12
 Calls for central differencing      6   Calls for central differencing      6
 No. of superbasics                  2   No. of basic nonlinears             1
 No. of degenerate steps             0   Percentage                       0.00
 Max x                       3 9.6E-01   Max pi                      2 1.0E+00
 Max Primal infeas           0 0.0E+00   Max Dual infeas             3 4.6E-10
 Nonlinear constraint violn    4.3E-07
1
 
 Name                                    Objective Value      0.0000000000E+00

 Status         Optimal Soln             Iteration      7    Superbasics     2

 Objective               (Min)
 RHS
 Ranges
 Bounds

 Section 1 - Rows

  Number  ...Row.. State  ...Activity...  Slack Activity  ..Lower Limit.  ..Upper Limit.  .Dual Activity    ..i
 
       4  r      1    BS          .               .                None            None         -1.0          1
       5  r      2 A  EQ         1.00000         0.00000         1.0             1.0            -0.00000      2
1
 
 Section 2 - Columns

  Number  .Column. State  ...Activity...  .Obj Gradient.  ..Lower Limit.  ..Upper Limit.  Reduced Gradnt    m+j
 
       1  x      1    BS        -0.12881          .             -1.0             1.0            -0.00000      3
       2  x      2   SBS         0.26113          .             -1.0             1.0             0.00000      4
       3  x      3   SBS         0.95667          .             -1.0             1.0             0.00000      5
 
 Time for MPS input                             0.00 seconds
 Time for solving problem                       0.02 seconds
 Time for solution output                       0.00 seconds
 Time for constraint functions                  0.03 seconds
 Time for objective function                    0.00 seconds
