      Timing level               3
1
 
 Parameters
 ==========

 Files
 -----
 Solution file..........         0       Old basis file ........         0       Standard input.........         5
 Insert file............         0       New basis file ........         0       (Printer)..............         9
 Punch file.............         0       Backup basis file......         0       (Specs file)...........         0
 Load file..............         0       Dump file..............         0       Standard output........         6

 Frequencies
 -----------
 Print frequency........       100       Check frequency........        60       Save new basis map.....       100
 Summary frequency......       100       Factorization frequency        50       Expand frequency.......     10000

 QP subproblems
 --------------
 QPsolver Cholesky......
 Scale tolerance........     0.900       Minor feasibility tol..  1.00E-06       Iteration limit........     10000
 Scale option...........         0       Minor optimality  tol..  1.00E-06       Minor print level......         1
 Crash tolerance........     0.100       Pivot tolerance........  3.25E-11       Partial price..........         1
 Crash option...........         3       Elastic weight.........  1.00E+04       Prtl price section ( A)         2
                                         New superbasics........        99       Prtl price section (-I)         2

 The SQP Method
 --------------
 Minimize...............                 Cold start.............                 Proximal Point method..         1
 Nonlinear objectiv vars         2       Objective Row..........         1       Function precision.....  3.00E-13
 Unbounded step size....  1.00E+20       Superbasics limit......         2       Difference interval....  5.48E-07
 Unbounded objective....  1.00E+15       Reduced Hessian dim....         2       Central difference int.  6.70E-05
 Major step limit.......  2.00E+00       Nonderiv.  linesearch..                 Derivative option......         0
 Major iterations limit.      1000       Linesearch tolerance...   0.90000       Verify level...........         0
 Minor iterations limit.       500       Penalty parameter......  0.00E+00       Major Print Level......         1
                                         Major optimality tol...  2.00E-06

 Hessian Approximation
 ---------------------
 Full-Memory Hessian....                 Hessian updates........  99999999       Hessian frequency......  99999999
                                                                                 Hessian flush..........  99999999

 Nonlinear constraints
 ---------------------
 Nonlinear constraints..         1       Major feasibility tol..  1.00E-06       Violation limit........  1.00E+06
 Nonlinear Jacobian vars         2

 Miscellaneous
 -------------
 LU factor tolerance....      3.99       LU singularity tol.....  3.25E-11       Timing level...........         3
 LU update tolerance....      3.99       LU swap tolerance......  1.22E-04       Debug level............         0
 LU partial  pivoting...                 eps (machine precision)  2.22E-16       System information.....        No
                                                                                 Sticky parameters......       Yes
1
 

 

 Matrix statistics
 -----------------
               Total      Normal        Free       Fixed     Bounded
 Rows              2           0           1           1           0
 Columns           2           0           0           0           2

 No. of matrix elements                    2     Density      50.000
 Biggest  constant element        0.0000E+00  (excluding fixed columns,
 Smallest constant element        0.0000E+00   free rows, and RHS)

 No. of objective coefficients             0

 Nonlinear constraints       1     Linear constraints       1
 Nonlinear variables         2     Linear variables         0
 Jacobian  variables         2     Objective variables      2
 Total constraints           2     Total variables          2
1
 

 
 The user has defined       0   out of       4   first  derivatives
1
 
 

   Itns Major Minors    Step   nCon Feasible  Optimal  MeritFunction     L+U BSwap     nS  condHz Penalty
      0     0      0              1 (7.8E-10)(1.6E-06)-3.4295874E-03       2                              _  r
1
 
 SNOPTA EXIT   0 -- finished successfully
 SNOPTA INFO   1 -- optimality conditions satisfied

 Problem name
 No. of iterations                   0   Objective value     -3.4295873741E-03
 No. of major iterations             0   Linear objective     0.0000000000E+00
 Penalty parameter           0.000E+00   Nonlinear objective -3.4295873741E-03
 No. of calls to funobj              3   No. of calls to funcon              3
 Calls with modes 1,2 (known g)      1   Calls with modes 1,2 (known g)      1
 Calls for forward differencing      2   Calls for forward differencing      2
 Calls for central differencing      0   Calls for central differencing      0
 No. of degenerate steps             0   Percentage                       0.00
 Max x                       1 7.5E-01   Max pi                      2 1.0E+00
 Max Primal infeas           0 0.0E+00   Max Dual infeas             2 3.2E-06
 Nonlinear constraint violn    1.6E-09
1
 
 Name                                    Objective Value     -3.4295873741E-03

 Status         Optimal Soln             Iteration      0    Superbasics     0

 Objective               (Min)
 RHS
 Ranges
 Bounds

 Section 1 - Rows

  Number  ...Row.. State  ...Activity...  Slack Activity  ..Lower Limit.  ..Upper Limit.  .Dual Activity    ..i
 
       3  r      1    BS          .               .                None            None         -1.0          1
       4  r      2    EQ         0.00000         0.00000          .               .             -0.00172      2
1
 
 Section 2 - Columns

  Number  .Column. State  ...Activity...  .Obj Gradient.  ..Lower Limit.  ..Upper Limit.  Reduced Gradnt    m+j
 
       1  x      1    BS        -0.74822         0.00257        -5.00000         5.00000        -0.00000      3
       2  x      2 N  FR         0.66345        -0.00227        -5.00000         5.00000         0.00000      4
 
 Time for MPS input                             0.00 seconds
 Time for solving problem                       0.00 seconds
 Time for solution output                       0.00 seconds
 Time for constraint functions                  0.00 seconds
 Time for objective function                    0.00 seconds
